#! /usr/bin/vvp
:ivl_version "0.9.7 " "(v0_9_7)";
:vpi_time_precision + 0;
:vpi_module "system";
:vpi_module "v2005_math";
:vpi_module "va_math";
S_0x19f58a0 .scope module, "automaton_tb" "automaton_tb" 2 1;
 .timescale 0 0;
P_0x19ac0d8 .param/l "WIDTH" 2 3, +C4<01010000>;
v0x1a53e80_0 .var "clk", 0 0;
v0x1a53f00_0 .var "count", 7 0;
v0x1a53f80_0 .net "data", 79 0, L_0x1a54510; 1 drivers
v0x1a54050_0 .var/i "file", 31 0;
S_0x19f6ac0 .scope module, "myCA" "automaton" 2 14, 3 1, S_0x19f58a0;
 .timescale 0 0;
P_0x1a24b48 .param/l "N" 3 7, +C4<01>;
P_0x1a24b70 .param/l "RULE" 3 9, +C4<01111110>;
P_0x1a24b98 .param/l "SEED" 3 8, +C4<010000000000000000000000000000000000000000>;
P_0x1a24bc0 .param/l "WIDTH" 3 1, +C4<01010000>;
v0x1a535a0_0 .net *"_s10", 79 0, C4<00000000000000000000000000000000000000010000000000000000000000000000000000000000>; 1 drivers
v0x1a53660_0 .net *"_s2", 1 0, L_0x1a540f0; 1 drivers
v0x1a53700_0 .net *"_s5", 0 0, C4<0>; 1 drivers
v0x1a537a0_0 .net *"_s6", 1 0, C4<00>; 1 drivers
v0x1a53850_0 .net *"_s8", 0 0, L_0x1a54300; 1 drivers
v0x1a538f0_0 .net "clk", 0 0, v0x1a53e80_0; 1 drivers
v0x1a539b0_0 .net "clk_base", 0 0, v0x1a53520_0; 1 drivers
v0x1a53a80_0 .alias "data", 79 0, v0x1a53f80_0;
RS_0x7f1ae216bb78/0/0 .resolv tri, L_0x1a54be0, L_0x1a55240, L_0x1a55820, L_0x1a55ed0;
RS_0x7f1ae216bb78/0/4 .resolv tri, L_0x1a56580, L_0x1a56b00, L_0x1a570c0, L_0x1a57730;
RS_0x7f1ae216bb78/0/8 .resolv tri, L_0x1a57cd0, L_0x1a58490, L_0x1a58a10, L_0x1a58fd0;
RS_0x7f1ae216bb78/0/12 .resolv tri, L_0x1a59580, L_0x1a59b70, L_0x1a5a150, L_0x1a5a7e0;
RS_0x7f1ae216bb78/0/16 .resolv tri, L_0x1a5ad70, L_0x1a5b320, L_0x1a5b8a0, L_0x1a5be40;
RS_0x7f1ae216bb78/0/20 .resolv tri, L_0x1a5bfd0, L_0x1a5cd80, L_0x1a5d330, L_0x1a5d8b0;
RS_0x7f1ae216bb78/0/24 .resolv tri, L_0x1a5de50, L_0x1a5e3c0, L_0x1a5e980, L_0x1a5ef30;
RS_0x7f1ae216bb78/0/28 .resolv tri, L_0x1a5f500, L_0x1a5faa0, L_0x1a60010, L_0x1a608c0;
RS_0x7f1ae216bb78/0/32 .resolv tri, L_0x1a60dd0, L_0x1a613a0, L_0x1a61940, L_0x1a61eb0;
RS_0x7f1ae216bb78/0/36 .resolv tri, L_0x1a62490, L_0x1a62a40, L_0x1a63010, L_0x1a63600;
RS_0x7f1ae216bb78/0/40 .resolv tri, L_0x1a63560, L_0x1a63880, L_0x1a63ec0, L_0x1a5c4c0;
RS_0x7f1ae216bb78/0/44 .resolv tri, L_0x1a65400, L_0x1a657d0, L_0x1a4c7e0, L_0x1a67340;
RS_0x7f1ae216bb78/0/48 .resolv tri, L_0x1a671a0, L_0x1a676e0, L_0x1a683e0, L_0x1a68030;
RS_0x7f1ae216bb78/0/52 .resolv tri, L_0x1a68780, L_0x1a694f0, L_0x1a69130, L_0x1a69890;
RS_0x7f1ae216bb78/0/56 .resolv tri, L_0x1a6a5d0, L_0x1a6a200, L_0x1a6a970, L_0x1a6b6d0;
RS_0x7f1ae216bb78/0/60 .resolv tri, L_0x1a6b340, L_0x1a6c200, L_0x1a6bc50, L_0x1a60330;
RS_0x7f1ae216bb78/0/64 .resolv tri, L_0x1a6c6e0, L_0x1a6dc60, L_0x1a6d740, L_0x1a6e760;
RS_0x7f1ae216bb78/0/68 .resolv tri, L_0x1a6e1e0, L_0x1a6f2a0, L_0x1a6ece0, L_0x1a6fe00;
RS_0x7f1ae216bb78/0/72 .resolv tri, L_0x1a6f820, L_0x1a70920, L_0x1a70380, L_0x1a71480;
RS_0x7f1ae216bb78/0/76 .resolv tri, L_0x1a70ea0, L_0x1a71fd0, L_0x1a71a00, L_0x1a72b10;
RS_0x7f1ae216bb78/1/0 .resolv tri, RS_0x7f1ae216bb78/0/0, RS_0x7f1ae216bb78/0/4, RS_0x7f1ae216bb78/0/8, RS_0x7f1ae216bb78/0/12;
RS_0x7f1ae216bb78/1/4 .resolv tri, RS_0x7f1ae216bb78/0/16, RS_0x7f1ae216bb78/0/20, RS_0x7f1ae216bb78/0/24, RS_0x7f1ae216bb78/0/28;
RS_0x7f1ae216bb78/1/8 .resolv tri, RS_0x7f1ae216bb78/0/32, RS_0x7f1ae216bb78/0/36, RS_0x7f1ae216bb78/0/40, RS_0x7f1ae216bb78/0/44;
RS_0x7f1ae216bb78/1/12 .resolv tri, RS_0x7f1ae216bb78/0/48, RS_0x7f1ae216bb78/0/52, RS_0x7f1ae216bb78/0/56, RS_0x7f1ae216bb78/0/60;
RS_0x7f1ae216bb78/1/16 .resolv tri, RS_0x7f1ae216bb78/0/64, RS_0x7f1ae216bb78/0/68, RS_0x7f1ae216bb78/0/72, RS_0x7f1ae216bb78/0/76;
RS_0x7f1ae216bb78/2/0 .resolv tri, RS_0x7f1ae216bb78/1/0, RS_0x7f1ae216bb78/1/4, RS_0x7f1ae216bb78/1/8, RS_0x7f1ae216bb78/1/12;
RS_0x7f1ae216bb78/2/4 .resolv tri, RS_0x7f1ae216bb78/1/16, C4<zzzzzzzzzzzzzzzzzzzzzzzzzzzzzzzzzzzzzzzzzzzzzzzzzzzzzzzzzzzzzzzzzzzzzzzzzzzzzzzz>, C4<zzzzzzzzzzzzzzzzzzzzzzzzzzzzzzzzzzzzzzzzzzzzzzzzzzzzzzzzzzzzzzzzzzzzzzzzzzzzzzzz>, C4<zzzzzzzzzzzzzzzzzzzzzzzzzzzzzzzzzzzzzzzzzzzzzzzzzzzzzzzzzzzzzzzzzzzzzzzzzzzzzzzz>;
RS_0x7f1ae216bb78 .resolv tri, RS_0x7f1ae216bb78/2/0, RS_0x7f1ae216bb78/2/4, C4<zzzzzzzzzzzzzzzzzzzzzzzzzzzzzzzzzzzzzzzzzzzzzzzzzzzzzzzzzzzzzzzzzzzzzzzzzzzzzzzz>, C4<zzzzzzzzzzzzzzzzzzzzzzzzzzzzzzzzzzzzzzzzzzzzzzzzzzzzzzzzzzzzzzzzzzzzzzzzzzzzzzzz>;
v0x1a53b50_0 .net8 "rin", 79 0, RS_0x7f1ae216bb78; 80 drivers
v0x1a53c00_0 .var "rout", 79 0;
v0x1a53ce0_0 .net "rule", 7 0, C4<01111110>; 1 drivers
v0x1a53d60_0 .net "sel", 0 0, v0x1a53110_0; 1 drivers
L_0x1a540f0 .concat [ 1 1 0 0], v0x1a53110_0, C4<0>;
L_0x1a54300 .cmp/eq 2, L_0x1a540f0, C4<00>;
L_0x1a54510 .functor MUXZ 80, v0x1a53c00_0, C4<00000000000000000000000000000000000000010000000000000000000000000000000000000000>, L_0x1a54300, C4<>;
S_0x1a531b0 .scope module, "PRES" "prescaler" 3 17, 4 10, S_0x19f6ac0;
 .timescale 0 0;
P_0x1a532a8 .param/l "N" 4 15, +C4<01>;
v0x1a533b0_0 .alias "clk_in", 0 0, v0x1a538f0_0;
v0x1a53470_0 .alias "clk_out", 0 0, v0x1a539b0_0;
v0x1a53520_0 .var "count", 0 0;
E_0x1a53360 .event posedge, v0x1a533b0_0;
S_0x1a52ef0 .scope module, "INIT" "init" 3 21, 5 2, S_0x19f6ac0;
 .timescale 0 0;
v0x1a53050_0 .alias "clk", 0 0, v0x1a539b0_0;
v0x1a53110_0 .var "ini", 0 0;
E_0x1a52fe0 .event posedge, v0x1a53050_0;
S_0x19f7ce0 .scope module, "CA" "cellAutomaton" 3 31, 3 40, S_0x19f6ac0;
 .timescale 0 0;
P_0x19dbb88 .param/l "WIDTH" 3 40, +C4<01010000>;
v0x1a52d10_0 .alias "in", 79 0, v0x1a53f80_0;
v0x1a52dd0_0 .alias "out", 79 0, v0x1a53b50_0;
v0x1a52e70_0 .alias "rule", 7 0, v0x1a53ce0_0;
L_0x1a54720 .part L_0x1a54510, 79, 1;
L_0x1a54880 .part L_0x1a54510, 0, 1;
L_0x1a54950 .part L_0x1a54510, 1, 1;
L_0x1a54be0 .part/pv L_0x1a54650, 0, 1, 80;
L_0x1a54dc0 .part L_0x1a54510, 0, 1;
L_0x1a54e60 .part L_0x1a54510, 1, 1;
L_0x1a55010 .part L_0x1a54510, 2, 1;
L_0x1a55240 .part/pv L_0x1a54d20, 1, 1, 80;
L_0x1a55420 .part L_0x1a54510, 1, 1;
L_0x1a554c0 .part L_0x1a54510, 2, 1;
L_0x1a555c0 .part L_0x1a54510, 3, 1;
L_0x1a55820 .part/pv L_0x1a55380, 2, 1, 80;
L_0x1a55a60 .part L_0x1a54510, 2, 1;
L_0x1a55b00 .part L_0x1a54510, 3, 1;
L_0x1a55c20 .part L_0x1a54510, 4, 1;
L_0x1a55ed0 .part/pv L_0x1a559c0, 3, 1, 80;
L_0x1a560f0 .part L_0x1a54510, 3, 1;
L_0x1a54f00 .part L_0x1a54510, 4, 1;
L_0x1a56440 .part L_0x1a54510, 5, 1;
L_0x1a56580 .part/pv L_0x1a56050, 4, 1, 80;
L_0x1a56720 .part L_0x1a54510, 4, 1;
L_0x1a567c0 .part L_0x1a54510, 5, 1;
L_0x1a56670 .part L_0x1a54510, 6, 1;
L_0x1a56b00 .part/pv L_0x1a563a0, 5, 1, 80;
L_0x1a56cc0 .part L_0x1a54510, 5, 1;
L_0x1a56d60 .part L_0x1a54510, 6, 1;
L_0x1a56bf0 .part L_0x1a54510, 7, 1;
L_0x1a570c0 .part/pv L_0x1a56860, 6, 1, 80;
L_0x1a57360 .part L_0x1a54510, 6, 1;
L_0x1a57400 .part L_0x1a54510, 7, 1;
L_0x1a57270 .part L_0x1a54510, 8, 1;
L_0x1a57730 .part/pv L_0x1a56e00, 7, 1, 80;
L_0x1a57930 .part L_0x1a54510, 7, 1;
L_0x1a579d0 .part L_0x1a54510, 8, 1;
L_0x1a57820 .part L_0x1a54510, 9, 1;
L_0x1a57cd0 .part/pv L_0x1a574a0, 8, 1, 80;
L_0x1a57ef0 .part L_0x1a54510, 8, 1;
L_0x1a57f90 .part L_0x1a54510, 9, 1;
L_0x1a562d0 .part L_0x1a54510, 10, 1;
L_0x1a58490 .part/pv L_0x1a57a70, 9, 1, 80;
L_0x1a56230 .part L_0x1a54510, 9, 1;
L_0x1a586d0 .part L_0x1a54510, 10, 1;
L_0x1a58580 .part L_0x1a54510, 11, 1;
L_0x1a58a10 .part/pv L_0x1a56190, 10, 1, 80;
L_0x1a58810 .part L_0x1a54510, 10, 1;
L_0x1a58c70 .part L_0x1a54510, 11, 1;
L_0x1a58b00 .part L_0x1a54510, 12, 1;
L_0x1a58fd0 .part/pv L_0x1a58770, 11, 1, 80;
L_0x1a58db0 .part L_0x1a54510, 11, 1;
L_0x1a59250 .part L_0x1a54510, 12, 1;
L_0x1a590c0 .part L_0x1a54510, 13, 1;
L_0x1a59580 .part/pv L_0x1a58d10, 12, 1, 80;
L_0x1a59390 .part L_0x1a54510, 12, 1;
L_0x1a59820 .part L_0x1a54510, 13, 1;
L_0x1a59670 .part L_0x1a54510, 14, 1;
L_0x1a59b70 .part/pv L_0x1a592f0, 13, 1, 80;
L_0x1a59960 .part L_0x1a54510, 13, 1;
L_0x1a59e30 .part L_0x1a54510, 14, 1;
L_0x1a59c60 .part L_0x1a54510, 15, 1;
L_0x1a5a150 .part/pv L_0x1a598c0, 14, 1, 80;
L_0x1a59ed0 .part L_0x1a54510, 14, 1;
L_0x1a59f70 .part L_0x1a54510, 15, 1;
L_0x1a5a010 .part L_0x1a54510, 16, 1;
L_0x1a5a7e0 .part/pv L_0x1a571b0, 15, 1, 80;
L_0x1a5a4a0 .part L_0x1a54510, 15, 1;
L_0x1a5a540 .part L_0x1a54510, 16, 1;
L_0x1a5aaf0 .part L_0x1a54510, 17, 1;
L_0x1a5ad70 .part/pv L_0x1a5a400, 16, 1, 80;
L_0x1a5a970 .part L_0x1a54510, 16, 1;
L_0x1a5aa10 .part L_0x1a54510, 17, 1;
L_0x1a5b0a0 .part L_0x1a54510, 18, 1;
L_0x1a5b320 .part/pv L_0x1a5a8d0, 17, 1, 80;
L_0x1a5af00 .part L_0x1a54510, 17, 1;
L_0x1a5afa0 .part L_0x1a54510, 18, 1;
L_0x1a5b670 .part L_0x1a54510, 19, 1;
L_0x1a5b8a0 .part/pv L_0x1a5ae60, 18, 1, 80;
L_0x1a5b4b0 .part L_0x1a54510, 18, 1;
L_0x1a5b550 .part L_0x1a54510, 19, 1;
L_0x1a5bc10 .part L_0x1a54510, 20, 1;
L_0x1a5be40 .part/pv L_0x1a5b410, 19, 1, 80;
L_0x1a5ba30 .part L_0x1a54510, 19, 1;
L_0x1a5bad0 .part L_0x1a54510, 20, 1;
L_0x1a5bb70 .part L_0x1a54510, 21, 1;
L_0x1a5bfd0 .part/pv L_0x1a5b990, 20, 1, 80;
L_0x1a58030 .part L_0x1a54510, 20, 1;
L_0x1a580d0 .part L_0x1a54510, 21, 1;
L_0x1a58170 .part L_0x1a54510, 22, 1;
L_0x1a5cd80 .part/pv L_0x1a5c0c0, 21, 1, 80;
L_0x1a5ca70 .part L_0x1a54510, 21, 1;
L_0x1a5cb10 .part L_0x1a54510, 22, 1;
L_0x1a5cbb0 .part L_0x1a54510, 23, 1;
L_0x1a5d330 .part/pv L_0x1a5c9d0, 22, 1, 80;
L_0x1a5cf10 .part L_0x1a54510, 22, 1;
L_0x1a5cfb0 .part L_0x1a54510, 23, 1;
L_0x1a5d050 .part L_0x1a54510, 24, 1;
L_0x1a5d8b0 .part/pv L_0x1a5ce70, 23, 1, 80;
L_0x1a5d4c0 .part L_0x1a54510, 23, 1;
L_0x1a5d560 .part L_0x1a54510, 24, 1;
L_0x1a5d600 .part L_0x1a54510, 25, 1;
L_0x1a5de50 .part/pv L_0x1a5d420, 24, 1, 80;
L_0x1a5da40 .part L_0x1a54510, 24, 1;
L_0x1a5dae0 .part L_0x1a54510, 25, 1;
L_0x1a5db80 .part L_0x1a54510, 26, 1;
L_0x1a5e3c0 .part/pv L_0x1a5d9a0, 25, 1, 80;
L_0x1a5dfe0 .part L_0x1a54510, 25, 1;
L_0x1a5e080 .part L_0x1a54510, 26, 1;
L_0x1a5e120 .part L_0x1a54510, 27, 1;
L_0x1a5e980 .part/pv L_0x1a5df40, 26, 1, 80;
L_0x1a5e550 .part L_0x1a54510, 26, 1;
L_0x1a5e5f0 .part L_0x1a54510, 27, 1;
L_0x1a5e690 .part L_0x1a54510, 28, 1;
L_0x1a5ef30 .part/pv L_0x1a5e4b0, 27, 1, 80;
L_0x1a5eb10 .part L_0x1a54510, 27, 1;
L_0x1a5ebb0 .part L_0x1a54510, 28, 1;
L_0x1a5ec50 .part L_0x1a54510, 29, 1;
L_0x1a5f500 .part/pv L_0x1a5ea70, 28, 1, 80;
L_0x1a5f0c0 .part L_0x1a54510, 28, 1;
L_0x1a5f160 .part L_0x1a54510, 29, 1;
L_0x1a5f200 .part L_0x1a54510, 30, 1;
L_0x1a5faa0 .part/pv L_0x1a5f020, 29, 1, 80;
L_0x1a5f690 .part L_0x1a54510, 29, 1;
L_0x1a5f730 .part L_0x1a54510, 30, 1;
L_0x1a5f7d0 .part L_0x1a54510, 31, 1;
L_0x1a60010 .part/pv L_0x1a5f5f0, 30, 1, 80;
L_0x1a5a2e0 .part L_0x1a54510, 30, 1;
L_0x1a5fb90 .part L_0x1a54510, 31, 1;
L_0x1a5fc30 .part L_0x1a54510, 32, 1;
L_0x1a608c0 .part/pv L_0x1a5a240, 31, 1, 80;
L_0x1a60560 .part L_0x1a54510, 31, 1;
L_0x1a60600 .part L_0x1a54510, 32, 1;
L_0x1a606a0 .part L_0x1a54510, 33, 1;
L_0x1a60dd0 .part/pv L_0x1a604c0, 32, 1, 80;
L_0x1a60a00 .part L_0x1a54510, 32, 1;
L_0x1a60aa0 .part L_0x1a54510, 33, 1;
L_0x1a60b40 .part L_0x1a54510, 34, 1;
L_0x1a613a0 .part/pv L_0x1a60960, 33, 1, 80;
L_0x1a60f60 .part L_0x1a54510, 33, 1;
L_0x1a61000 .part L_0x1a54510, 34, 1;
L_0x1a610a0 .part L_0x1a54510, 35, 1;
L_0x1a61940 .part/pv L_0x1a60ec0, 34, 1, 80;
L_0x1a61530 .part L_0x1a54510, 34, 1;
L_0x1a615d0 .part L_0x1a54510, 35, 1;
L_0x1a61670 .part L_0x1a54510, 36, 1;
L_0x1a61eb0 .part/pv L_0x1a61490, 35, 1, 80;
L_0x1a61ad0 .part L_0x1a54510, 35, 1;
L_0x1a61b70 .part L_0x1a54510, 36, 1;
L_0x1a61c10 .part L_0x1a54510, 37, 1;
L_0x1a62490 .part/pv L_0x1a61a30, 36, 1, 80;
L_0x1a62040 .part L_0x1a54510, 36, 1;
L_0x1a620e0 .part L_0x1a54510, 37, 1;
L_0x1a62180 .part L_0x1a54510, 38, 1;
L_0x1a62a40 .part/pv L_0x1a61fa0, 37, 1, 80;
L_0x1a62620 .part L_0x1a54510, 37, 1;
L_0x1a626c0 .part L_0x1a54510, 38, 1;
L_0x1a62760 .part L_0x1a54510, 39, 1;
L_0x1a63010 .part/pv L_0x1a62580, 38, 1, 80;
L_0x1a62bd0 .part L_0x1a54510, 38, 1;
L_0x1a62c70 .part L_0x1a54510, 39, 1;
L_0x1a62d10 .part L_0x1a54510, 40, 1;
L_0x1a63600 .part/pv L_0x1a62b30, 39, 1, 80;
L_0x1a631a0 .part L_0x1a54510, 39, 1;
L_0x1a63240 .part L_0x1a54510, 40, 1;
L_0x1a632e0 .part L_0x1a54510, 41, 1;
L_0x1a63560 .part/pv L_0x1a63100, 40, 1, 80;
L_0x1a63740 .part L_0x1a54510, 40, 1;
L_0x1a637e0 .part L_0x1a54510, 41, 1;
L_0x1a5c700 .part L_0x1a54510, 42, 1;
L_0x1a63880 .part/pv L_0x1a636a0, 41, 1, 80;
L_0x1a63a10 .part L_0x1a54510, 41, 1;
L_0x1a63ab0 .part L_0x1a54510, 42, 1;
L_0x1a63c10 .part L_0x1a54510, 43, 1;
L_0x1a63ec0 .part/pv L_0x1a63970, 42, 1, 80;
L_0x1a64050 .part L_0x1a54510, 42, 1;
L_0x1a5c1c0 .part L_0x1a54510, 43, 1;
L_0x1a5c260 .part L_0x1a54510, 44, 1;
L_0x1a5c4c0 .part/pv L_0x1a63fb0, 43, 1, 80;
L_0x1a5c650 .part L_0x1a54510, 43, 1;
L_0x1a656e0 .part L_0x1a54510, 44, 1;
L_0x1a65150 .part L_0x1a54510, 45, 1;
L_0x1a65400 .part/pv L_0x1a5c5b0, 44, 1, 80;
L_0x1a65590 .part L_0x1a54510, 44, 1;
L_0x1a65630 .part L_0x1a54510, 45, 1;
L_0x1a4cd50 .part L_0x1a54510, 46, 1;
L_0x1a657d0 .part/pv L_0x1a654f0, 45, 1, 80;
L_0x1a65960 .part L_0x1a54510, 45, 1;
L_0x1a65a00 .part L_0x1a54510, 46, 1;
L_0x1a65aa0 .part L_0x1a54510, 47, 1;
L_0x1a4c7e0 .part/pv L_0x1a658c0, 46, 1, 80;
L_0x1a4c970 .part L_0x1a54510, 46, 1;
L_0x1a4ca10 .part L_0x1a54510, 47, 1;
L_0x1a4cab0 .part L_0x1a54510, 48, 1;
L_0x1a67340 .part/pv L_0x1a4c8d0, 47, 1, 80;
L_0x1a66de0 .part L_0x1a54510, 47, 1;
L_0x1a66e80 .part L_0x1a54510, 48, 1;
L_0x1a66f20 .part L_0x1a54510, 49, 1;
L_0x1a671a0 .part/pv L_0x1a66d40, 48, 1, 80;
L_0x1a67a60 .part L_0x1a54510, 48, 1;
L_0x1a67b00 .part L_0x1a54510, 49, 1;
L_0x1a67430 .part L_0x1a54510, 50, 1;
L_0x1a676e0 .part/pv L_0x1a67290, 49, 1, 80;
L_0x1a67870 .part L_0x1a54510, 49, 1;
L_0x1a67910 .part L_0x1a54510, 50, 1;
L_0x1a679b0 .part L_0x1a54510, 51, 1;
L_0x1a683e0 .part/pv L_0x1a677d0, 50, 1, 80;
L_0x1a67c40 .part L_0x1a54510, 50, 1;
L_0x1a67ce0 .part L_0x1a54510, 51, 1;
L_0x1a67d80 .part L_0x1a54510, 52, 1;
L_0x1a68030 .part/pv L_0x1a67ba0, 51, 1, 80;
L_0x1a68b60 .part L_0x1a54510, 51, 1;
L_0x1a68c00 .part L_0x1a54510, 52, 1;
L_0x1a684d0 .part L_0x1a54510, 53, 1;
L_0x1a68780 .part/pv L_0x1a68120, 52, 1, 80;
L_0x1a68910 .part L_0x1a54510, 52, 1;
L_0x1a689b0 .part L_0x1a54510, 53, 1;
L_0x1a68a50 .part L_0x1a54510, 54, 1;
L_0x1a694f0 .part/pv L_0x1a68870, 53, 1, 80;
L_0x1a68d40 .part L_0x1a54510, 53, 1;
L_0x1a68de0 .part L_0x1a54510, 54, 1;
L_0x1a68e80 .part L_0x1a54510, 55, 1;
L_0x1a69130 .part/pv L_0x1a68ca0, 54, 1, 80;
L_0x1a692c0 .part L_0x1a54510, 54, 1;
L_0x1a69cd0 .part L_0x1a54510, 55, 1;
L_0x1a695e0 .part L_0x1a54510, 56, 1;
L_0x1a69890 .part/pv L_0x1a69220, 55, 1, 80;
L_0x1a69a20 .part L_0x1a54510, 55, 1;
L_0x1a69ac0 .part L_0x1a54510, 56, 1;
L_0x1a69b60 .part L_0x1a54510, 57, 1;
L_0x1a6a5d0 .part/pv L_0x1a69980, 56, 1, 80;
L_0x1a69e10 .part L_0x1a54510, 56, 1;
L_0x1a69eb0 .part L_0x1a54510, 57, 1;
L_0x1a69f50 .part L_0x1a54510, 58, 1;
L_0x1a6a200 .part/pv L_0x1a69d70, 57, 1, 80;
L_0x1a6a390 .part L_0x1a54510, 57, 1;
L_0x1a6ae10 .part L_0x1a54510, 58, 1;
L_0x1a6a6c0 .part L_0x1a54510, 59, 1;
L_0x1a6a970 .part/pv L_0x1a6a2f0, 58, 1, 80;
L_0x1a6ab00 .part L_0x1a54510, 58, 1;
L_0x1a6aba0 .part L_0x1a54510, 59, 1;
L_0x1a6ac40 .part L_0x1a54510, 60, 1;
L_0x1a6b6d0 .part/pv L_0x1a6aa60, 59, 1, 80;
L_0x1a6af50 .part L_0x1a54510, 59, 1;
L_0x1a6aff0 .part L_0x1a54510, 60, 1;
L_0x1a6b090 .part L_0x1a54510, 61, 1;
L_0x1a6b340 .part/pv L_0x1a6aeb0, 60, 1, 80;
L_0x1a6b4d0 .part L_0x1a54510, 60, 1;
L_0x1a6b570 .part L_0x1a54510, 61, 1;
L_0x1a6bf80 .part L_0x1a54510, 62, 1;
L_0x1a6c200 .part/pv L_0x1a6b430, 61, 1, 80;
L_0x1a6b860 .part L_0x1a54510, 61, 1;
L_0x1a6b900 .part L_0x1a54510, 62, 1;
L_0x1a6b9a0 .part L_0x1a54510, 63, 1;
L_0x1a6bc50 .part/pv L_0x1a6b7c0, 62, 1, 80;
L_0x1a6bde0 .part L_0x1a54510, 62, 1;
L_0x1a6be80 .part L_0x1a54510, 63, 1;
L_0x1a600b0 .part L_0x1a54510, 64, 1;
L_0x1a60330 .part/pv L_0x1a6bd40, 63, 1, 80;
L_0x1a6c2f0 .part L_0x1a54510, 63, 1;
L_0x1a6c390 .part L_0x1a54510, 64, 1;
L_0x1a6c430 .part L_0x1a54510, 65, 1;
L_0x1a6c6e0 .part/pv L_0x1a60420, 64, 1, 80;
L_0x1a6c870 .part L_0x1a54510, 64, 1;
L_0x1a6c910 .part L_0x1a54510, 65, 1;
L_0x1a6c9b0 .part L_0x1a54510, 66, 1;
L_0x1a6dc60 .part/pv L_0x1a6c7d0, 65, 1, 80;
L_0x1a6d380 .part L_0x1a54510, 65, 1;
L_0x1a6d420 .part L_0x1a54510, 66, 1;
L_0x1a6d4c0 .part L_0x1a54510, 67, 1;
L_0x1a6d740 .part/pv L_0x1a6d2e0, 66, 1, 80;
L_0x1a6d8d0 .part L_0x1a54510, 66, 1;
L_0x1a6d970 .part L_0x1a54510, 67, 1;
L_0x1a6da10 .part L_0x1a54510, 68, 1;
L_0x1a6e760 .part/pv L_0x1a6d830, 67, 1, 80;
L_0x1a6ddf0 .part L_0x1a54510, 67, 1;
L_0x1a6de90 .part L_0x1a54510, 68, 1;
L_0x1a6df30 .part L_0x1a54510, 69, 1;
L_0x1a6e1e0 .part/pv L_0x1a6dd50, 68, 1, 80;
L_0x1a6e370 .part L_0x1a54510, 68, 1;
L_0x1a6e410 .part L_0x1a54510, 69, 1;
L_0x1a6e4b0 .part L_0x1a54510, 70, 1;
L_0x1a6f2a0 .part/pv L_0x1a6e2d0, 69, 1, 80;
L_0x1a6e8f0 .part L_0x1a54510, 69, 1;
L_0x1a6e990 .part L_0x1a54510, 70, 1;
L_0x1a6ea30 .part L_0x1a54510, 71, 1;
L_0x1a6ece0 .part/pv L_0x1a6e850, 70, 1, 80;
L_0x1a6ee70 .part L_0x1a54510, 70, 1;
L_0x1a6ef10 .part L_0x1a54510, 71, 1;
L_0x1a6efb0 .part L_0x1a54510, 72, 1;
L_0x1a6fe00 .part/pv L_0x1a6edd0, 71, 1, 80;
L_0x1a6f430 .part L_0x1a54510, 71, 1;
L_0x1a6f4d0 .part L_0x1a54510, 72, 1;
L_0x1a6f570 .part L_0x1a54510, 73, 1;
L_0x1a6f820 .part/pv L_0x1a6f390, 72, 1, 80;
L_0x1a6f9b0 .part L_0x1a54510, 72, 1;
L_0x1a6fa50 .part L_0x1a54510, 73, 1;
L_0x1a6faf0 .part L_0x1a54510, 74, 1;
L_0x1a70920 .part/pv L_0x1a6f910, 73, 1, 80;
L_0x1a6ff90 .part L_0x1a54510, 73, 1;
L_0x1a70030 .part L_0x1a54510, 74, 1;
L_0x1a700d0 .part L_0x1a54510, 75, 1;
L_0x1a70380 .part/pv L_0x1a6fef0, 74, 1, 80;
L_0x1a70510 .part L_0x1a54510, 74, 1;
L_0x1a705b0 .part L_0x1a54510, 75, 1;
L_0x1a70650 .part L_0x1a54510, 76, 1;
L_0x1a71480 .part/pv L_0x1a70470, 75, 1, 80;
L_0x1a70ab0 .part L_0x1a54510, 75, 1;
L_0x1a70b50 .part L_0x1a54510, 76, 1;
L_0x1a70bf0 .part L_0x1a54510, 77, 1;
L_0x1a70ea0 .part/pv L_0x1a70a10, 76, 1, 80;
L_0x1a71030 .part L_0x1a54510, 76, 1;
L_0x1a710d0 .part L_0x1a54510, 77, 1;
L_0x1a71170 .part L_0x1a54510, 78, 1;
L_0x1a71fd0 .part/pv L_0x1a70f90, 77, 1, 80;
L_0x1a71610 .part L_0x1a54510, 77, 1;
L_0x1a716b0 .part L_0x1a54510, 78, 1;
L_0x1a71750 .part L_0x1a54510, 79, 1;
L_0x1a71a00 .part/pv L_0x1a71570, 78, 1, 80;
L_0x1a71b90 .part L_0x1a54510, 78, 1;
L_0x1a71c30 .part L_0x1a54510, 79, 1;
L_0x1a71cd0 .part L_0x1a54510, 0, 1;
L_0x1a72b10 .part/pv L_0x1a71af0, 79, 1, 80;
S_0x1a526b0 .scope generate, "automaton_cell[0]" "automaton_cell[0]" 3 58, 3 58, S_0x19f7ce0;
 .timescale 0 0;
P_0x1a527a8 .param/l "i" 3 58, +C4<00>;
v0x1a52b10_0 .net *"_s0", 0 0, L_0x1a54720; 1 drivers
v0x1a52bd0_0 .net *"_s1", 0 0, L_0x1a54880; 1 drivers
v0x1a52c70_0 .net *"_s2", 0 0, L_0x1a54950; 1 drivers
L_0x1a54a20 .concat [ 1 1 1 0], L_0x1a54950, L_0x1a54880, L_0x1a54720;
S_0x1a52860 .scope module, "Bi" "block" 3 60, 6 1, S_0x1a526b0;
 .timescale 0 0;
v0x1a52950_0 .net "in", 2 0, L_0x1a54a20; 1 drivers
v0x1a529f0_0 .net "out", 0 0, L_0x1a54650; 1 drivers
v0x1a52a90_0 .alias "rule", 7 0, v0x1a53ce0_0;
L_0x1a54650 .part/v C4<01111110>, L_0x1a54a20, 1;
S_0x1a52050 .scope generate, "automaton_cell[1]" "automaton_cell[1]" 3 58, 3 58, S_0x19f7ce0;
 .timescale 0 0;
P_0x1a52148 .param/l "i" 3 58, +C4<01>;
v0x1a524b0_0 .net *"_s0", 0 0, L_0x1a54dc0; 1 drivers
v0x1a52570_0 .net *"_s1", 0 0, L_0x1a54e60; 1 drivers
v0x1a52610_0 .net *"_s2", 0 0, L_0x1a55010; 1 drivers
L_0x1a550b0 .concat [ 1 1 1 0], L_0x1a55010, L_0x1a54e60, L_0x1a54dc0;
S_0x1a52200 .scope module, "Bi" "block" 3 60, 6 1, S_0x1a52050;
 .timescale 0 0;
v0x1a522f0_0 .net "in", 2 0, L_0x1a550b0; 1 drivers
v0x1a52390_0 .net "out", 0 0, L_0x1a54d20; 1 drivers
v0x1a52430_0 .alias "rule", 7 0, v0x1a53ce0_0;
L_0x1a54d20 .part/v C4<01111110>, L_0x1a550b0, 1;
S_0x1a519f0 .scope generate, "automaton_cell[2]" "automaton_cell[2]" 3 58, 3 58, S_0x19f7ce0;
 .timescale 0 0;
P_0x1a51ae8 .param/l "i" 3 58, +C4<010>;
v0x1a51e50_0 .net *"_s0", 0 0, L_0x1a55420; 1 drivers
v0x1a51f10_0 .net *"_s1", 0 0, L_0x1a554c0; 1 drivers
v0x1a51fb0_0 .net *"_s2", 0 0, L_0x1a555c0; 1 drivers
L_0x1a55660 .concat [ 1 1 1 0], L_0x1a555c0, L_0x1a554c0, L_0x1a55420;
S_0x1a51ba0 .scope module, "Bi" "block" 3 60, 6 1, S_0x1a519f0;
 .timescale 0 0;
v0x1a51c90_0 .net "in", 2 0, L_0x1a55660; 1 drivers
v0x1a51d30_0 .net "out", 0 0, L_0x1a55380; 1 drivers
v0x1a51dd0_0 .alias "rule", 7 0, v0x1a53ce0_0;
L_0x1a55380 .part/v C4<01111110>, L_0x1a55660, 1;
S_0x1a51390 .scope generate, "automaton_cell[3]" "automaton_cell[3]" 3 58, 3 58, S_0x19f7ce0;
 .timescale 0 0;
P_0x1a51488 .param/l "i" 3 58, +C4<011>;
v0x1a517f0_0 .net *"_s0", 0 0, L_0x1a55a60; 1 drivers
v0x1a518b0_0 .net *"_s1", 0 0, L_0x1a55b00; 1 drivers
v0x1a51950_0 .net *"_s2", 0 0, L_0x1a55c20; 1 drivers
L_0x1a55cc0 .concat [ 1 1 1 0], L_0x1a55c20, L_0x1a55b00, L_0x1a55a60;
S_0x1a51540 .scope module, "Bi" "block" 3 60, 6 1, S_0x1a51390;
 .timescale 0 0;
v0x1a51630_0 .net "in", 2 0, L_0x1a55cc0; 1 drivers
v0x1a516d0_0 .net "out", 0 0, L_0x1a559c0; 1 drivers
v0x1a51770_0 .alias "rule", 7 0, v0x1a53ce0_0;
L_0x1a559c0 .part/v C4<01111110>, L_0x1a55cc0, 1;
S_0x1a50d30 .scope generate, "automaton_cell[4]" "automaton_cell[4]" 3 58, 3 58, S_0x19f7ce0;
 .timescale 0 0;
P_0x1a50e28 .param/l "i" 3 58, +C4<0100>;
v0x1a51190_0 .net *"_s0", 0 0, L_0x1a560f0; 1 drivers
v0x1a51250_0 .net *"_s1", 0 0, L_0x1a54f00; 1 drivers
v0x1a512f0_0 .net *"_s2", 0 0, L_0x1a56440; 1 drivers
L_0x1a564e0 .concat [ 1 1 1 0], L_0x1a56440, L_0x1a54f00, L_0x1a560f0;
S_0x1a50ee0 .scope module, "Bi" "block" 3 60, 6 1, S_0x1a50d30;
 .timescale 0 0;
v0x1a50fd0_0 .net "in", 2 0, L_0x1a564e0; 1 drivers
v0x1a51070_0 .net "out", 0 0, L_0x1a56050; 1 drivers
v0x1a51110_0 .alias "rule", 7 0, v0x1a53ce0_0;
L_0x1a56050 .part/v C4<01111110>, L_0x1a564e0, 1;
S_0x1a506d0 .scope generate, "automaton_cell[5]" "automaton_cell[5]" 3 58, 3 58, S_0x19f7ce0;
 .timescale 0 0;
P_0x1a507c8 .param/l "i" 3 58, +C4<0101>;
v0x1a50b30_0 .net *"_s0", 0 0, L_0x1a56720; 1 drivers
v0x1a50bf0_0 .net *"_s1", 0 0, L_0x1a567c0; 1 drivers
v0x1a50c90_0 .net *"_s2", 0 0, L_0x1a56670; 1 drivers
L_0x1a56920 .concat [ 1 1 1 0], L_0x1a56670, L_0x1a567c0, L_0x1a56720;
S_0x1a50880 .scope module, "Bi" "block" 3 60, 6 1, S_0x1a506d0;
 .timescale 0 0;
v0x1a50970_0 .net "in", 2 0, L_0x1a56920; 1 drivers
v0x1a50a10_0 .net "out", 0 0, L_0x1a563a0; 1 drivers
v0x1a50ab0_0 .alias "rule", 7 0, v0x1a53ce0_0;
L_0x1a563a0 .part/v C4<01111110>, L_0x1a56920, 1;
S_0x1a50070 .scope generate, "automaton_cell[6]" "automaton_cell[6]" 3 58, 3 58, S_0x19f7ce0;
 .timescale 0 0;
P_0x1a50168 .param/l "i" 3 58, +C4<0110>;
v0x1a504d0_0 .net *"_s0", 0 0, L_0x1a56cc0; 1 drivers
v0x1a50590_0 .net *"_s1", 0 0, L_0x1a56d60; 1 drivers
v0x1a50630_0 .net *"_s2", 0 0, L_0x1a56bf0; 1 drivers
L_0x1a56ee0 .concat [ 1 1 1 0], L_0x1a56bf0, L_0x1a56d60, L_0x1a56cc0;
S_0x1a50220 .scope module, "Bi" "block" 3 60, 6 1, S_0x1a50070;
 .timescale 0 0;
v0x1a50310_0 .net "in", 2 0, L_0x1a56ee0; 1 drivers
v0x1a503b0_0 .net "out", 0 0, L_0x1a56860; 1 drivers
v0x1a50450_0 .alias "rule", 7 0, v0x1a53ce0_0;
L_0x1a56860 .part/v C4<01111110>, L_0x1a56ee0, 1;
S_0x1a4fa10 .scope generate, "automaton_cell[7]" "automaton_cell[7]" 3 58, 3 58, S_0x19f7ce0;
 .timescale 0 0;
P_0x1a4fb08 .param/l "i" 3 58, +C4<0111>;
v0x1a4fe70_0 .net *"_s0", 0 0, L_0x1a57360; 1 drivers
v0x1a4ff30_0 .net *"_s1", 0 0, L_0x1a57400; 1 drivers
v0x1a4ffd0_0 .net *"_s2", 0 0, L_0x1a57270; 1 drivers
L_0x1a575a0 .concat [ 1 1 1 0], L_0x1a57270, L_0x1a57400, L_0x1a57360;
S_0x1a4fbc0 .scope module, "Bi" "block" 3 60, 6 1, S_0x1a4fa10;
 .timescale 0 0;
v0x1a4fcb0_0 .net "in", 2 0, L_0x1a575a0; 1 drivers
v0x1a4fd50_0 .net "out", 0 0, L_0x1a56e00; 1 drivers
v0x1a4fdf0_0 .alias "rule", 7 0, v0x1a53ce0_0;
L_0x1a56e00 .part/v C4<01111110>, L_0x1a575a0, 1;
S_0x1a4f3b0 .scope generate, "automaton_cell[8]" "automaton_cell[8]" 3 58, 3 58, S_0x19f7ce0;
 .timescale 0 0;
P_0x1a4f4a8 .param/l "i" 3 58, +C4<01000>;
v0x1a4f810_0 .net *"_s0", 0 0, L_0x1a57930; 1 drivers
v0x1a4f8d0_0 .net *"_s1", 0 0, L_0x1a579d0; 1 drivers
v0x1a4f970_0 .net *"_s2", 0 0, L_0x1a57820; 1 drivers
L_0x1a57b90 .concat [ 1 1 1 0], L_0x1a57820, L_0x1a579d0, L_0x1a57930;
S_0x1a4f560 .scope module, "Bi" "block" 3 60, 6 1, S_0x1a4f3b0;
 .timescale 0 0;
v0x1a4f650_0 .net "in", 2 0, L_0x1a57b90; 1 drivers
v0x1a4f6f0_0 .net "out", 0 0, L_0x1a574a0; 1 drivers
v0x1a4f790_0 .alias "rule", 7 0, v0x1a53ce0_0;
L_0x1a574a0 .part/v C4<01111110>, L_0x1a57b90, 1;
S_0x1a4ed50 .scope generate, "automaton_cell[9]" "automaton_cell[9]" 3 58, 3 58, S_0x19f7ce0;
 .timescale 0 0;
P_0x1a4ee48 .param/l "i" 3 58, +C4<01001>;
v0x1a4f1b0_0 .net *"_s0", 0 0, L_0x1a57ef0; 1 drivers
v0x1a4f270_0 .net *"_s1", 0 0, L_0x1a57f90; 1 drivers
v0x1a4f310_0 .net *"_s2", 0 0, L_0x1a562d0; 1 drivers
L_0x1a57dc0 .concat [ 1 1 1 0], L_0x1a562d0, L_0x1a57f90, L_0x1a57ef0;
S_0x1a4ef00 .scope module, "Bi" "block" 3 60, 6 1, S_0x1a4ed50;
 .timescale 0 0;
v0x1a4eff0_0 .net "in", 2 0, L_0x1a57dc0; 1 drivers
v0x1a4f090_0 .net "out", 0 0, L_0x1a57a70; 1 drivers
v0x1a4f130_0 .alias "rule", 7 0, v0x1a53ce0_0;
L_0x1a57a70 .part/v C4<01111110>, L_0x1a57dc0, 1;
S_0x1a4e6f0 .scope generate, "automaton_cell[10]" "automaton_cell[10]" 3 58, 3 58, S_0x19f7ce0;
 .timescale 0 0;
P_0x1a4e7e8 .param/l "i" 3 58, +C4<01010>;
v0x1a4eb50_0 .net *"_s0", 0 0, L_0x1a56230; 1 drivers
v0x1a4ec10_0 .net *"_s1", 0 0, L_0x1a586d0; 1 drivers
v0x1a4ecb0_0 .net *"_s2", 0 0, L_0x1a58580; 1 drivers
L_0x1a58620 .concat [ 1 1 1 0], L_0x1a58580, L_0x1a586d0, L_0x1a56230;
S_0x1a4e8a0 .scope module, "Bi" "block" 3 60, 6 1, S_0x1a4e6f0;
 .timescale 0 0;
v0x1a4e990_0 .net "in", 2 0, L_0x1a58620; 1 drivers
v0x1a4ea30_0 .net "out", 0 0, L_0x1a56190; 1 drivers
v0x1a4ead0_0 .alias "rule", 7 0, v0x1a53ce0_0;
L_0x1a56190 .part/v C4<01111110>, L_0x1a58620, 1;
S_0x1a4e090 .scope generate, "automaton_cell[11]" "automaton_cell[11]" 3 58, 3 58, S_0x19f7ce0;
 .timescale 0 0;
P_0x1a4e188 .param/l "i" 3 58, +C4<01011>;
v0x1a4e4f0_0 .net *"_s0", 0 0, L_0x1a58810; 1 drivers
v0x1a4e5b0_0 .net *"_s1", 0 0, L_0x1a58c70; 1 drivers
v0x1a4e650_0 .net *"_s2", 0 0, L_0x1a58b00; 1 drivers
L_0x1a58ba0 .concat [ 1 1 1 0], L_0x1a58b00, L_0x1a58c70, L_0x1a58810;
S_0x1a4e240 .scope module, "Bi" "block" 3 60, 6 1, S_0x1a4e090;
 .timescale 0 0;
v0x1a4e330_0 .net "in", 2 0, L_0x1a58ba0; 1 drivers
v0x1a4e3d0_0 .net "out", 0 0, L_0x1a58770; 1 drivers
v0x1a4e470_0 .alias "rule", 7 0, v0x1a53ce0_0;
L_0x1a58770 .part/v C4<01111110>, L_0x1a58ba0, 1;
S_0x1a4da30 .scope generate, "automaton_cell[12]" "automaton_cell[12]" 3 58, 3 58, S_0x19f7ce0;
 .timescale 0 0;
P_0x1a4db28 .param/l "i" 3 58, +C4<01100>;
v0x1a4de90_0 .net *"_s0", 0 0, L_0x1a58db0; 1 drivers
v0x1a4df50_0 .net *"_s1", 0 0, L_0x1a59250; 1 drivers
v0x1a4dff0_0 .net *"_s2", 0 0, L_0x1a590c0; 1 drivers
L_0x1a59160 .concat [ 1 1 1 0], L_0x1a590c0, L_0x1a59250, L_0x1a58db0;
S_0x1a4dbe0 .scope module, "Bi" "block" 3 60, 6 1, S_0x1a4da30;
 .timescale 0 0;
v0x1a4dcd0_0 .net "in", 2 0, L_0x1a59160; 1 drivers
v0x1a4dd70_0 .net "out", 0 0, L_0x1a58d10; 1 drivers
v0x1a4de10_0 .alias "rule", 7 0, v0x1a53ce0_0;
L_0x1a58d10 .part/v C4<01111110>, L_0x1a59160, 1;
S_0x1a4d3d0 .scope generate, "automaton_cell[13]" "automaton_cell[13]" 3 58, 3 58, S_0x19f7ce0;
 .timescale 0 0;
P_0x1a4d4c8 .param/l "i" 3 58, +C4<01101>;
v0x1a4d830_0 .net *"_s0", 0 0, L_0x1a59390; 1 drivers
v0x1a4d8f0_0 .net *"_s1", 0 0, L_0x1a59820; 1 drivers
v0x1a4d990_0 .net *"_s2", 0 0, L_0x1a59670; 1 drivers
L_0x1a59710 .concat [ 1 1 1 0], L_0x1a59670, L_0x1a59820, L_0x1a59390;
S_0x1a4d580 .scope module, "Bi" "block" 3 60, 6 1, S_0x1a4d3d0;
 .timescale 0 0;
v0x1a4d670_0 .net "in", 2 0, L_0x1a59710; 1 drivers
v0x1a4d710_0 .net "out", 0 0, L_0x1a592f0; 1 drivers
v0x1a4d7b0_0 .alias "rule", 7 0, v0x1a53ce0_0;
L_0x1a592f0 .part/v C4<01111110>, L_0x1a59710, 1;
S_0x1a3fb80 .scope generate, "automaton_cell[14]" "automaton_cell[14]" 3 58, 3 58, S_0x19f7ce0;
 .timescale 0 0;
P_0x1a3fc78 .param/l "i" 3 58, +C4<01110>;
v0x1a4d210_0 .net *"_s0", 0 0, L_0x1a59960; 1 drivers
v0x1a4d290_0 .net *"_s1", 0 0, L_0x1a59e30; 1 drivers
v0x1a4d330_0 .net *"_s2", 0 0, L_0x1a59c60; 1 drivers
L_0x1a59d00 .concat [ 1 1 1 0], L_0x1a59c60, L_0x1a59e30, L_0x1a59960;
S_0x1a4cfa0 .scope module, "Bi" "block" 3 60, 6 1, S_0x1a3fb80;
 .timescale 0 0;
v0x1a4d090_0 .net "in", 2 0, L_0x1a59d00; 1 drivers
v0x1a4d110_0 .net "out", 0 0, L_0x1a598c0; 1 drivers
v0x1a4d190_0 .alias "rule", 7 0, v0x1a53ce0_0;
L_0x1a598c0 .part/v C4<01111110>, L_0x1a59d00, 1;
S_0x1a4c330 .scope generate, "automaton_cell[15]" "automaton_cell[15]" 3 58, 3 58, S_0x19f7ce0;
 .timescale 0 0;
P_0x1a4c428 .param/l "i" 3 58, +C4<01111>;
v0x1a3f980_0 .net *"_s0", 0 0, L_0x1a59ed0; 1 drivers
v0x1a3fa40_0 .net *"_s1", 0 0, L_0x1a59f70; 1 drivers
v0x1a3fae0_0 .net *"_s2", 0 0, L_0x1a5a010; 1 drivers
L_0x1a5a600 .concat [ 1 1 1 0], L_0x1a5a010, L_0x1a59f70, L_0x1a59ed0;
S_0x1a4c4e0 .scope module, "Bi" "block" 3 60, 6 1, S_0x1a4c330;
 .timescale 0 0;
v0x1a4c5d0_0 .net "in", 2 0, L_0x1a5a600; 1 drivers
v0x1a4c670_0 .net "out", 0 0, L_0x1a571b0; 1 drivers
v0x1a4c710_0 .alias "rule", 7 0, v0x1a53ce0_0;
L_0x1a571b0 .part/v C4<01111110>, L_0x1a5a600, 1;
S_0x1a4bcd0 .scope generate, "automaton_cell[16]" "automaton_cell[16]" 3 58, 3 58, S_0x19f7ce0;
 .timescale 0 0;
P_0x1a4bdc8 .param/l "i" 3 58, +C4<010000>;
v0x1a4c130_0 .net *"_s0", 0 0, L_0x1a5a4a0; 1 drivers
v0x1a4c1f0_0 .net *"_s1", 0 0, L_0x1a5a540; 1 drivers
v0x1a4c290_0 .net *"_s2", 0 0, L_0x1a5aaf0; 1 drivers
L_0x1a5ab90 .concat [ 1 1 1 0], L_0x1a5aaf0, L_0x1a5a540, L_0x1a5a4a0;
S_0x1a4be80 .scope module, "Bi" "block" 3 60, 6 1, S_0x1a4bcd0;
 .timescale 0 0;
v0x1a4bf70_0 .net "in", 2 0, L_0x1a5ab90; 1 drivers
v0x1a4c010_0 .net "out", 0 0, L_0x1a5a400; 1 drivers
v0x1a4c0b0_0 .alias "rule", 7 0, v0x1a53ce0_0;
L_0x1a5a400 .part/v C4<01111110>, L_0x1a5ab90, 1;
S_0x1a4b670 .scope generate, "automaton_cell[17]" "automaton_cell[17]" 3 58, 3 58, S_0x19f7ce0;
 .timescale 0 0;
P_0x1a4b768 .param/l "i" 3 58, +C4<010001>;
v0x1a4bad0_0 .net *"_s0", 0 0, L_0x1a5a970; 1 drivers
v0x1a4bb90_0 .net *"_s1", 0 0, L_0x1a5aa10; 1 drivers
v0x1a4bc30_0 .net *"_s2", 0 0, L_0x1a5b0a0; 1 drivers
L_0x1a5b140 .concat [ 1 1 1 0], L_0x1a5b0a0, L_0x1a5aa10, L_0x1a5a970;
S_0x1a4b820 .scope module, "Bi" "block" 3 60, 6 1, S_0x1a4b670;
 .timescale 0 0;
v0x1a4b910_0 .net "in", 2 0, L_0x1a5b140; 1 drivers
v0x1a4b9b0_0 .net "out", 0 0, L_0x1a5a8d0; 1 drivers
v0x1a4ba50_0 .alias "rule", 7 0, v0x1a53ce0_0;
L_0x1a5a8d0 .part/v C4<01111110>, L_0x1a5b140, 1;
S_0x1a4b010 .scope generate, "automaton_cell[18]" "automaton_cell[18]" 3 58, 3 58, S_0x19f7ce0;
 .timescale 0 0;
P_0x1a4b108 .param/l "i" 3 58, +C4<010010>;
v0x1a4b470_0 .net *"_s0", 0 0, L_0x1a5af00; 1 drivers
v0x1a4b530_0 .net *"_s1", 0 0, L_0x1a5afa0; 1 drivers
v0x1a4b5d0_0 .net *"_s2", 0 0, L_0x1a5b670; 1 drivers
L_0x1a5b710 .concat [ 1 1 1 0], L_0x1a5b670, L_0x1a5afa0, L_0x1a5af00;
S_0x1a4b1c0 .scope module, "Bi" "block" 3 60, 6 1, S_0x1a4b010;
 .timescale 0 0;
v0x1a4b2b0_0 .net "in", 2 0, L_0x1a5b710; 1 drivers
v0x1a4b350_0 .net "out", 0 0, L_0x1a5ae60; 1 drivers
v0x1a4b3f0_0 .alias "rule", 7 0, v0x1a53ce0_0;
L_0x1a5ae60 .part/v C4<01111110>, L_0x1a5b710, 1;
S_0x1a4a9b0 .scope generate, "automaton_cell[19]" "automaton_cell[19]" 3 58, 3 58, S_0x19f7ce0;
 .timescale 0 0;
P_0x1a4aaa8 .param/l "i" 3 58, +C4<010011>;
v0x1a4ae10_0 .net *"_s0", 0 0, L_0x1a5b4b0; 1 drivers
v0x1a4aed0_0 .net *"_s1", 0 0, L_0x1a5b550; 1 drivers
v0x1a4af70_0 .net *"_s2", 0 0, L_0x1a5bc10; 1 drivers
L_0x1a5bcb0 .concat [ 1 1 1 0], L_0x1a5bc10, L_0x1a5b550, L_0x1a5b4b0;
S_0x1a4ab60 .scope module, "Bi" "block" 3 60, 6 1, S_0x1a4a9b0;
 .timescale 0 0;
v0x1a4ac50_0 .net "in", 2 0, L_0x1a5bcb0; 1 drivers
v0x1a4acf0_0 .net "out", 0 0, L_0x1a5b410; 1 drivers
v0x1a4ad90_0 .alias "rule", 7 0, v0x1a53ce0_0;
L_0x1a5b410 .part/v C4<01111110>, L_0x1a5bcb0, 1;
S_0x1a4a350 .scope generate, "automaton_cell[20]" "automaton_cell[20]" 3 58, 3 58, S_0x19f7ce0;
 .timescale 0 0;
P_0x1a4a448 .param/l "i" 3 58, +C4<010100>;
v0x1a4a7b0_0 .net *"_s0", 0 0, L_0x1a5ba30; 1 drivers
v0x1a4a870_0 .net *"_s1", 0 0, L_0x1a5bad0; 1 drivers
v0x1a4a910_0 .net *"_s2", 0 0, L_0x1a5bb70; 1 drivers
L_0x1a582d0 .concat [ 1 1 1 0], L_0x1a5bb70, L_0x1a5bad0, L_0x1a5ba30;
S_0x1a4a500 .scope module, "Bi" "block" 3 60, 6 1, S_0x1a4a350;
 .timescale 0 0;
v0x1a4a5f0_0 .net "in", 2 0, L_0x1a582d0; 1 drivers
v0x1a4a690_0 .net "out", 0 0, L_0x1a5b990; 1 drivers
v0x1a4a730_0 .alias "rule", 7 0, v0x1a53ce0_0;
L_0x1a5b990 .part/v C4<01111110>, L_0x1a582d0, 1;
S_0x1a49cf0 .scope generate, "automaton_cell[21]" "automaton_cell[21]" 3 58, 3 58, S_0x19f7ce0;
 .timescale 0 0;
P_0x1a49de8 .param/l "i" 3 58, +C4<010101>;
v0x1a4a150_0 .net *"_s0", 0 0, L_0x1a58030; 1 drivers
v0x1a4a210_0 .net *"_s1", 0 0, L_0x1a580d0; 1 drivers
v0x1a4a2b0_0 .net *"_s2", 0 0, L_0x1a58170; 1 drivers
L_0x1a58210 .concat [ 1 1 1 0], L_0x1a58170, L_0x1a580d0, L_0x1a58030;
S_0x1a49ea0 .scope module, "Bi" "block" 3 60, 6 1, S_0x1a49cf0;
 .timescale 0 0;
v0x1a49f90_0 .net "in", 2 0, L_0x1a58210; 1 drivers
v0x1a4a030_0 .net "out", 0 0, L_0x1a5c0c0; 1 drivers
v0x1a4a0d0_0 .alias "rule", 7 0, v0x1a53ce0_0;
L_0x1a5c0c0 .part/v C4<01111110>, L_0x1a58210, 1;
S_0x1a49690 .scope generate, "automaton_cell[22]" "automaton_cell[22]" 3 58, 3 58, S_0x19f7ce0;
 .timescale 0 0;
P_0x1a49788 .param/l "i" 3 58, +C4<010110>;
v0x1a49af0_0 .net *"_s0", 0 0, L_0x1a5ca70; 1 drivers
v0x1a49bb0_0 .net *"_s1", 0 0, L_0x1a5cb10; 1 drivers
v0x1a49c50_0 .net *"_s2", 0 0, L_0x1a5cbb0; 1 drivers
L_0x1a5d150 .concat [ 1 1 1 0], L_0x1a5cbb0, L_0x1a5cb10, L_0x1a5ca70;
S_0x1a49840 .scope module, "Bi" "block" 3 60, 6 1, S_0x1a49690;
 .timescale 0 0;
v0x1a49930_0 .net "in", 2 0, L_0x1a5d150; 1 drivers
v0x1a499d0_0 .net "out", 0 0, L_0x1a5c9d0; 1 drivers
v0x1a49a70_0 .alias "rule", 7 0, v0x1a53ce0_0;
L_0x1a5c9d0 .part/v C4<01111110>, L_0x1a5d150, 1;
S_0x1a49030 .scope generate, "automaton_cell[23]" "automaton_cell[23]" 3 58, 3 58, S_0x19f7ce0;
 .timescale 0 0;
P_0x1a49128 .param/l "i" 3 58, +C4<010111>;
v0x1a49490_0 .net *"_s0", 0 0, L_0x1a5cf10; 1 drivers
v0x1a49550_0 .net *"_s1", 0 0, L_0x1a5cfb0; 1 drivers
v0x1a495f0_0 .net *"_s2", 0 0, L_0x1a5d050; 1 drivers
L_0x1a5d720 .concat [ 1 1 1 0], L_0x1a5d050, L_0x1a5cfb0, L_0x1a5cf10;
S_0x1a491e0 .scope module, "Bi" "block" 3 60, 6 1, S_0x1a49030;
 .timescale 0 0;
v0x1a492d0_0 .net "in", 2 0, L_0x1a5d720; 1 drivers
v0x1a49370_0 .net "out", 0 0, L_0x1a5ce70; 1 drivers
v0x1a49410_0 .alias "rule", 7 0, v0x1a53ce0_0;
L_0x1a5ce70 .part/v C4<01111110>, L_0x1a5d720, 1;
S_0x1a489d0 .scope generate, "automaton_cell[24]" "automaton_cell[24]" 3 58, 3 58, S_0x19f7ce0;
 .timescale 0 0;
P_0x1a48ac8 .param/l "i" 3 58, +C4<011000>;
v0x1a48e30_0 .net *"_s0", 0 0, L_0x1a5d4c0; 1 drivers
v0x1a48ef0_0 .net *"_s1", 0 0, L_0x1a5d560; 1 drivers
v0x1a48f90_0 .net *"_s2", 0 0, L_0x1a5d600; 1 drivers
L_0x1a5dcc0 .concat [ 1 1 1 0], L_0x1a5d600, L_0x1a5d560, L_0x1a5d4c0;
S_0x1a48b80 .scope module, "Bi" "block" 3 60, 6 1, S_0x1a489d0;
 .timescale 0 0;
v0x1a48c70_0 .net "in", 2 0, L_0x1a5dcc0; 1 drivers
v0x1a48d10_0 .net "out", 0 0, L_0x1a5d420; 1 drivers
v0x1a48db0_0 .alias "rule", 7 0, v0x1a53ce0_0;
L_0x1a5d420 .part/v C4<01111110>, L_0x1a5dcc0, 1;
S_0x1a48370 .scope generate, "automaton_cell[25]" "automaton_cell[25]" 3 58, 3 58, S_0x19f7ce0;
 .timescale 0 0;
P_0x1a48468 .param/l "i" 3 58, +C4<011001>;
v0x1a487d0_0 .net *"_s0", 0 0, L_0x1a5da40; 1 drivers
v0x1a48890_0 .net *"_s1", 0 0, L_0x1a5dae0; 1 drivers
v0x1a48930_0 .net *"_s2", 0 0, L_0x1a5db80; 1 drivers
L_0x1a5dc20 .concat [ 1 1 1 0], L_0x1a5db80, L_0x1a5dae0, L_0x1a5da40;
S_0x1a48520 .scope module, "Bi" "block" 3 60, 6 1, S_0x1a48370;
 .timescale 0 0;
v0x1a48610_0 .net "in", 2 0, L_0x1a5dc20; 1 drivers
v0x1a486b0_0 .net "out", 0 0, L_0x1a5d9a0; 1 drivers
v0x1a48750_0 .alias "rule", 7 0, v0x1a53ce0_0;
L_0x1a5d9a0 .part/v C4<01111110>, L_0x1a5dc20, 1;
S_0x1a47d10 .scope generate, "automaton_cell[26]" "automaton_cell[26]" 3 58, 3 58, S_0x19f7ce0;
 .timescale 0 0;
P_0x1a47e08 .param/l "i" 3 58, +C4<011010>;
v0x1a48170_0 .net *"_s0", 0 0, L_0x1a5dfe0; 1 drivers
v0x1a48230_0 .net *"_s1", 0 0, L_0x1a5e080; 1 drivers
v0x1a482d0_0 .net *"_s2", 0 0, L_0x1a5e120; 1 drivers
L_0x1a5e1c0 .concat [ 1 1 1 0], L_0x1a5e120, L_0x1a5e080, L_0x1a5dfe0;
S_0x1a47ec0 .scope module, "Bi" "block" 3 60, 6 1, S_0x1a47d10;
 .timescale 0 0;
v0x1a47fb0_0 .net "in", 2 0, L_0x1a5e1c0; 1 drivers
v0x1a48050_0 .net "out", 0 0, L_0x1a5df40; 1 drivers
v0x1a480f0_0 .alias "rule", 7 0, v0x1a53ce0_0;
L_0x1a5df40 .part/v C4<01111110>, L_0x1a5e1c0, 1;
S_0x1a476b0 .scope generate, "automaton_cell[27]" "automaton_cell[27]" 3 58, 3 58, S_0x19f7ce0;
 .timescale 0 0;
P_0x1a477a8 .param/l "i" 3 58, +C4<011011>;
v0x1a47b10_0 .net *"_s0", 0 0, L_0x1a5e550; 1 drivers
v0x1a47bd0_0 .net *"_s1", 0 0, L_0x1a5e5f0; 1 drivers
v0x1a47c70_0 .net *"_s2", 0 0, L_0x1a5e690; 1 drivers
L_0x1a5e730 .concat [ 1 1 1 0], L_0x1a5e690, L_0x1a5e5f0, L_0x1a5e550;
S_0x1a47860 .scope module, "Bi" "block" 3 60, 6 1, S_0x1a476b0;
 .timescale 0 0;
v0x1a47950_0 .net "in", 2 0, L_0x1a5e730; 1 drivers
v0x1a479f0_0 .net "out", 0 0, L_0x1a5e4b0; 1 drivers
v0x1a47a90_0 .alias "rule", 7 0, v0x1a53ce0_0;
L_0x1a5e4b0 .part/v C4<01111110>, L_0x1a5e730, 1;
S_0x1a47050 .scope generate, "automaton_cell[28]" "automaton_cell[28]" 3 58, 3 58, S_0x19f7ce0;
 .timescale 0 0;
P_0x1a47148 .param/l "i" 3 58, +C4<011100>;
v0x1a474b0_0 .net *"_s0", 0 0, L_0x1a5eb10; 1 drivers
v0x1a47570_0 .net *"_s1", 0 0, L_0x1a5ebb0; 1 drivers
v0x1a47610_0 .net *"_s2", 0 0, L_0x1a5ec50; 1 drivers
L_0x1a5ecf0 .concat [ 1 1 1 0], L_0x1a5ec50, L_0x1a5ebb0, L_0x1a5eb10;
S_0x1a47200 .scope module, "Bi" "block" 3 60, 6 1, S_0x1a47050;
 .timescale 0 0;
v0x1a472f0_0 .net "in", 2 0, L_0x1a5ecf0; 1 drivers
v0x1a47390_0 .net "out", 0 0, L_0x1a5ea70; 1 drivers
v0x1a47430_0 .alias "rule", 7 0, v0x1a53ce0_0;
L_0x1a5ea70 .part/v C4<01111110>, L_0x1a5ecf0, 1;
S_0x1a469f0 .scope generate, "automaton_cell[29]" "automaton_cell[29]" 3 58, 3 58, S_0x19f7ce0;
 .timescale 0 0;
P_0x1a46ae8 .param/l "i" 3 58, +C4<011101>;
v0x1a46e50_0 .net *"_s0", 0 0, L_0x1a5f0c0; 1 drivers
v0x1a46f10_0 .net *"_s1", 0 0, L_0x1a5f160; 1 drivers
v0x1a46fb0_0 .net *"_s2", 0 0, L_0x1a5f200; 1 drivers
L_0x1a5f2a0 .concat [ 1 1 1 0], L_0x1a5f200, L_0x1a5f160, L_0x1a5f0c0;
S_0x1a46ba0 .scope module, "Bi" "block" 3 60, 6 1, S_0x1a469f0;
 .timescale 0 0;
v0x1a46c90_0 .net "in", 2 0, L_0x1a5f2a0; 1 drivers
v0x1a46d30_0 .net "out", 0 0, L_0x1a5f020; 1 drivers
v0x1a46dd0_0 .alias "rule", 7 0, v0x1a53ce0_0;
L_0x1a5f020 .part/v C4<01111110>, L_0x1a5f2a0, 1;
S_0x1a46390 .scope generate, "automaton_cell[30]" "automaton_cell[30]" 3 58, 3 58, S_0x19f7ce0;
 .timescale 0 0;
P_0x1a46488 .param/l "i" 3 58, +C4<011110>;
v0x1a467f0_0 .net *"_s0", 0 0, L_0x1a5f690; 1 drivers
v0x1a468b0_0 .net *"_s1", 0 0, L_0x1a5f730; 1 drivers
v0x1a46950_0 .net *"_s2", 0 0, L_0x1a5f7d0; 1 drivers
L_0x1a5f870 .concat [ 1 1 1 0], L_0x1a5f7d0, L_0x1a5f730, L_0x1a5f690;
S_0x1a46540 .scope module, "Bi" "block" 3 60, 6 1, S_0x1a46390;
 .timescale 0 0;
v0x1a46630_0 .net "in", 2 0, L_0x1a5f870; 1 drivers
v0x1a466d0_0 .net "out", 0 0, L_0x1a5f5f0; 1 drivers
v0x1a46770_0 .alias "rule", 7 0, v0x1a53ce0_0;
L_0x1a5f5f0 .part/v C4<01111110>, L_0x1a5f870, 1;
S_0x1a45d30 .scope generate, "automaton_cell[31]" "automaton_cell[31]" 3 58, 3 58, S_0x19f7ce0;
 .timescale 0 0;
P_0x1a45e28 .param/l "i" 3 58, +C4<011111>;
v0x1a46190_0 .net *"_s0", 0 0, L_0x1a5a2e0; 1 drivers
v0x1a46250_0 .net *"_s1", 0 0, L_0x1a5fb90; 1 drivers
v0x1a462f0_0 .net *"_s2", 0 0, L_0x1a5fc30; 1 drivers
L_0x1a5fcd0 .concat [ 1 1 1 0], L_0x1a5fc30, L_0x1a5fb90, L_0x1a5a2e0;
S_0x1a45ee0 .scope module, "Bi" "block" 3 60, 6 1, S_0x1a45d30;
 .timescale 0 0;
v0x1a45fd0_0 .net "in", 2 0, L_0x1a5fcd0; 1 drivers
v0x1a46070_0 .net "out", 0 0, L_0x1a5a240; 1 drivers
v0x1a46110_0 .alias "rule", 7 0, v0x1a53ce0_0;
L_0x1a5a240 .part/v C4<01111110>, L_0x1a5fcd0, 1;
S_0x1a456d0 .scope generate, "automaton_cell[32]" "automaton_cell[32]" 3 58, 3 58, S_0x19f7ce0;
 .timescale 0 0;
P_0x1a457c8 .param/l "i" 3 58, +C4<0100000>;
v0x1a45b30_0 .net *"_s0", 0 0, L_0x1a60560; 1 drivers
v0x1a45bf0_0 .net *"_s1", 0 0, L_0x1a60600; 1 drivers
v0x1a45c90_0 .net *"_s2", 0 0, L_0x1a606a0; 1 drivers
L_0x1a60740 .concat [ 1 1 1 0], L_0x1a606a0, L_0x1a60600, L_0x1a60560;
S_0x1a45860 .scope module, "Bi" "block" 3 60, 6 1, S_0x1a456d0;
 .timescale 0 0;
v0x1a45950_0 .net "in", 2 0, L_0x1a60740; 1 drivers
v0x1a45a10_0 .net "out", 0 0, L_0x1a604c0; 1 drivers
v0x1a45ab0_0 .alias "rule", 7 0, v0x1a53ce0_0;
L_0x1a604c0 .part/v C4<01111110>, L_0x1a60740, 1;
S_0x1a45070 .scope generate, "automaton_cell[33]" "automaton_cell[33]" 3 58, 3 58, S_0x19f7ce0;
 .timescale 0 0;
P_0x1a45168 .param/l "i" 3 58, +C4<0100001>;
v0x1a454d0_0 .net *"_s0", 0 0, L_0x1a60a00; 1 drivers
v0x1a45590_0 .net *"_s1", 0 0, L_0x1a60aa0; 1 drivers
v0x1a45630_0 .net *"_s2", 0 0, L_0x1a60b40; 1 drivers
L_0x1a60be0 .concat [ 1 1 1 0], L_0x1a60b40, L_0x1a60aa0, L_0x1a60a00;
S_0x1a45200 .scope module, "Bi" "block" 3 60, 6 1, S_0x1a45070;
 .timescale 0 0;
v0x1a452f0_0 .net "in", 2 0, L_0x1a60be0; 1 drivers
v0x1a453b0_0 .net "out", 0 0, L_0x1a60960; 1 drivers
v0x1a45450_0 .alias "rule", 7 0, v0x1a53ce0_0;
L_0x1a60960 .part/v C4<01111110>, L_0x1a60be0, 1;
S_0x1a44a10 .scope generate, "automaton_cell[34]" "automaton_cell[34]" 3 58, 3 58, S_0x19f7ce0;
 .timescale 0 0;
P_0x1a44b08 .param/l "i" 3 58, +C4<0100010>;
v0x1a44e70_0 .net *"_s0", 0 0, L_0x1a60f60; 1 drivers
v0x1a44f30_0 .net *"_s1", 0 0, L_0x1a61000; 1 drivers
v0x1a44fd0_0 .net *"_s2", 0 0, L_0x1a610a0; 1 drivers
L_0x1a61140 .concat [ 1 1 1 0], L_0x1a610a0, L_0x1a61000, L_0x1a60f60;
S_0x1a44ba0 .scope module, "Bi" "block" 3 60, 6 1, S_0x1a44a10;
 .timescale 0 0;
v0x1a44c90_0 .net "in", 2 0, L_0x1a61140; 1 drivers
v0x1a44d50_0 .net "out", 0 0, L_0x1a60ec0; 1 drivers
v0x1a44df0_0 .alias "rule", 7 0, v0x1a53ce0_0;
L_0x1a60ec0 .part/v C4<01111110>, L_0x1a61140, 1;
S_0x1a443b0 .scope generate, "automaton_cell[35]" "automaton_cell[35]" 3 58, 3 58, S_0x19f7ce0;
 .timescale 0 0;
P_0x1a444a8 .param/l "i" 3 58, +C4<0100011>;
v0x1a44810_0 .net *"_s0", 0 0, L_0x1a61530; 1 drivers
v0x1a448d0_0 .net *"_s1", 0 0, L_0x1a615d0; 1 drivers
v0x1a44970_0 .net *"_s2", 0 0, L_0x1a61670; 1 drivers
L_0x1a61710 .concat [ 1 1 1 0], L_0x1a61670, L_0x1a615d0, L_0x1a61530;
S_0x1a44540 .scope module, "Bi" "block" 3 60, 6 1, S_0x1a443b0;
 .timescale 0 0;
v0x1a44630_0 .net "in", 2 0, L_0x1a61710; 1 drivers
v0x1a446f0_0 .net "out", 0 0, L_0x1a61490; 1 drivers
v0x1a44790_0 .alias "rule", 7 0, v0x1a53ce0_0;
L_0x1a61490 .part/v C4<01111110>, L_0x1a61710, 1;
S_0x1a43d50 .scope generate, "automaton_cell[36]" "automaton_cell[36]" 3 58, 3 58, S_0x19f7ce0;
 .timescale 0 0;
P_0x1a43e48 .param/l "i" 3 58, +C4<0100100>;
v0x1a441b0_0 .net *"_s0", 0 0, L_0x1a61ad0; 1 drivers
v0x1a44270_0 .net *"_s1", 0 0, L_0x1a61b70; 1 drivers
v0x1a44310_0 .net *"_s2", 0 0, L_0x1a61c10; 1 drivers
L_0x1a61cb0 .concat [ 1 1 1 0], L_0x1a61c10, L_0x1a61b70, L_0x1a61ad0;
S_0x1a43ee0 .scope module, "Bi" "block" 3 60, 6 1, S_0x1a43d50;
 .timescale 0 0;
v0x1a43fd0_0 .net "in", 2 0, L_0x1a61cb0; 1 drivers
v0x1a44090_0 .net "out", 0 0, L_0x1a61a30; 1 drivers
v0x1a44130_0 .alias "rule", 7 0, v0x1a53ce0_0;
L_0x1a61a30 .part/v C4<01111110>, L_0x1a61cb0, 1;
S_0x1a436f0 .scope generate, "automaton_cell[37]" "automaton_cell[37]" 3 58, 3 58, S_0x19f7ce0;
 .timescale 0 0;
P_0x1a437e8 .param/l "i" 3 58, +C4<0100101>;
v0x1a43b50_0 .net *"_s0", 0 0, L_0x1a62040; 1 drivers
v0x1a43c10_0 .net *"_s1", 0 0, L_0x1a620e0; 1 drivers
v0x1a43cb0_0 .net *"_s2", 0 0, L_0x1a62180; 1 drivers
L_0x1a62220 .concat [ 1 1 1 0], L_0x1a62180, L_0x1a620e0, L_0x1a62040;
S_0x1a43880 .scope module, "Bi" "block" 3 60, 6 1, S_0x1a436f0;
 .timescale 0 0;
v0x1a43970_0 .net "in", 2 0, L_0x1a62220; 1 drivers
v0x1a43a30_0 .net "out", 0 0, L_0x1a61fa0; 1 drivers
v0x1a43ad0_0 .alias "rule", 7 0, v0x1a53ce0_0;
L_0x1a61fa0 .part/v C4<01111110>, L_0x1a62220, 1;
S_0x1a43090 .scope generate, "automaton_cell[38]" "automaton_cell[38]" 3 58, 3 58, S_0x19f7ce0;
 .timescale 0 0;
P_0x1a43188 .param/l "i" 3 58, +C4<0100110>;
v0x1a434f0_0 .net *"_s0", 0 0, L_0x1a62620; 1 drivers
v0x1a435b0_0 .net *"_s1", 0 0, L_0x1a626c0; 1 drivers
v0x1a43650_0 .net *"_s2", 0 0, L_0x1a62760; 1 drivers
L_0x1a62800 .concat [ 1 1 1 0], L_0x1a62760, L_0x1a626c0, L_0x1a62620;
S_0x1a43220 .scope module, "Bi" "block" 3 60, 6 1, S_0x1a43090;
 .timescale 0 0;
v0x1a43310_0 .net "in", 2 0, L_0x1a62800; 1 drivers
v0x1a433d0_0 .net "out", 0 0, L_0x1a62580; 1 drivers
v0x1a43470_0 .alias "rule", 7 0, v0x1a53ce0_0;
L_0x1a62580 .part/v C4<01111110>, L_0x1a62800, 1;
S_0x1a42a30 .scope generate, "automaton_cell[39]" "automaton_cell[39]" 3 58, 3 58, S_0x19f7ce0;
 .timescale 0 0;
P_0x1a42b28 .param/l "i" 3 58, +C4<0100111>;
v0x1a42e90_0 .net *"_s0", 0 0, L_0x1a62bd0; 1 drivers
v0x1a42f50_0 .net *"_s1", 0 0, L_0x1a62c70; 1 drivers
v0x1a42ff0_0 .net *"_s2", 0 0, L_0x1a62d10; 1 drivers
L_0x1a62db0 .concat [ 1 1 1 0], L_0x1a62d10, L_0x1a62c70, L_0x1a62bd0;
S_0x1a42bc0 .scope module, "Bi" "block" 3 60, 6 1, S_0x1a42a30;
 .timescale 0 0;
v0x1a42cb0_0 .net "in", 2 0, L_0x1a62db0; 1 drivers
v0x1a42d70_0 .net "out", 0 0, L_0x1a62b30; 1 drivers
v0x1a42e10_0 .alias "rule", 7 0, v0x1a53ce0_0;
L_0x1a62b30 .part/v C4<01111110>, L_0x1a62db0, 1;
S_0x1a423d0 .scope generate, "automaton_cell[40]" "automaton_cell[40]" 3 58, 3 58, S_0x19f7ce0;
 .timescale 0 0;
P_0x1a424c8 .param/l "i" 3 58, +C4<0101000>;
v0x1a42830_0 .net *"_s0", 0 0, L_0x1a631a0; 1 drivers
v0x1a428f0_0 .net *"_s1", 0 0, L_0x1a63240; 1 drivers
v0x1a42990_0 .net *"_s2", 0 0, L_0x1a632e0; 1 drivers
L_0x1a63380 .concat [ 1 1 1 0], L_0x1a632e0, L_0x1a63240, L_0x1a631a0;
S_0x1a42560 .scope module, "Bi" "block" 3 60, 6 1, S_0x1a423d0;
 .timescale 0 0;
v0x1a42650_0 .net "in", 2 0, L_0x1a63380; 1 drivers
v0x1a42710_0 .net "out", 0 0, L_0x1a63100; 1 drivers
v0x1a427b0_0 .alias "rule", 7 0, v0x1a53ce0_0;
L_0x1a63100 .part/v C4<01111110>, L_0x1a63380, 1;
S_0x1a41d70 .scope generate, "automaton_cell[41]" "automaton_cell[41]" 3 58, 3 58, S_0x19f7ce0;
 .timescale 0 0;
P_0x1a41e68 .param/l "i" 3 58, +C4<0101001>;
v0x1a421d0_0 .net *"_s0", 0 0, L_0x1a63740; 1 drivers
v0x1a42290_0 .net *"_s1", 0 0, L_0x1a637e0; 1 drivers
v0x1a42330_0 .net *"_s2", 0 0, L_0x1a5c700; 1 drivers
L_0x1a5c7a0 .concat [ 1 1 1 0], L_0x1a5c700, L_0x1a637e0, L_0x1a63740;
S_0x1a41f00 .scope module, "Bi" "block" 3 60, 6 1, S_0x1a41d70;
 .timescale 0 0;
v0x1a41ff0_0 .net "in", 2 0, L_0x1a5c7a0; 1 drivers
v0x1a420b0_0 .net "out", 0 0, L_0x1a636a0; 1 drivers
v0x1a42150_0 .alias "rule", 7 0, v0x1a53ce0_0;
L_0x1a636a0 .part/v C4<01111110>, L_0x1a5c7a0, 1;
S_0x1a41710 .scope generate, "automaton_cell[42]" "automaton_cell[42]" 3 58, 3 58, S_0x19f7ce0;
 .timescale 0 0;
P_0x1a41808 .param/l "i" 3 58, +C4<0101010>;
v0x1a41b70_0 .net *"_s0", 0 0, L_0x1a63a10; 1 drivers
v0x1a41c30_0 .net *"_s1", 0 0, L_0x1a63ab0; 1 drivers
v0x1a41cd0_0 .net *"_s2", 0 0, L_0x1a63c10; 1 drivers
L_0x1a63cb0 .concat [ 1 1 1 0], L_0x1a63c10, L_0x1a63ab0, L_0x1a63a10;
S_0x1a418a0 .scope module, "Bi" "block" 3 60, 6 1, S_0x1a41710;
 .timescale 0 0;
v0x1a41990_0 .net "in", 2 0, L_0x1a63cb0; 1 drivers
v0x1a41a50_0 .net "out", 0 0, L_0x1a63970; 1 drivers
v0x1a41af0_0 .alias "rule", 7 0, v0x1a53ce0_0;
L_0x1a63970 .part/v C4<01111110>, L_0x1a63cb0, 1;
S_0x1a410b0 .scope generate, "automaton_cell[43]" "automaton_cell[43]" 3 58, 3 58, S_0x19f7ce0;
 .timescale 0 0;
P_0x1a411a8 .param/l "i" 3 58, +C4<0101011>;
v0x1a41510_0 .net *"_s0", 0 0, L_0x1a64050; 1 drivers
v0x1a415d0_0 .net *"_s1", 0 0, L_0x1a5c1c0; 1 drivers
v0x1a41670_0 .net *"_s2", 0 0, L_0x1a5c260; 1 drivers
L_0x1a5c300 .concat [ 1 1 1 0], L_0x1a5c260, L_0x1a5c1c0, L_0x1a64050;
S_0x1a41240 .scope module, "Bi" "block" 3 60, 6 1, S_0x1a410b0;
 .timescale 0 0;
v0x1a41330_0 .net "in", 2 0, L_0x1a5c300; 1 drivers
v0x1a413f0_0 .net "out", 0 0, L_0x1a63fb0; 1 drivers
v0x1a41490_0 .alias "rule", 7 0, v0x1a53ce0_0;
L_0x1a63fb0 .part/v C4<01111110>, L_0x1a5c300, 1;
S_0x1a40a50 .scope generate, "automaton_cell[44]" "automaton_cell[44]" 3 58, 3 58, S_0x19f7ce0;
 .timescale 0 0;
P_0x1a40b48 .param/l "i" 3 58, +C4<0101100>;
v0x1a40eb0_0 .net *"_s0", 0 0, L_0x1a5c650; 1 drivers
v0x1a40f70_0 .net *"_s1", 0 0, L_0x1a656e0; 1 drivers
v0x1a41010_0 .net *"_s2", 0 0, L_0x1a65150; 1 drivers
L_0x1a651f0 .concat [ 1 1 1 0], L_0x1a65150, L_0x1a656e0, L_0x1a5c650;
S_0x1a40be0 .scope module, "Bi" "block" 3 60, 6 1, S_0x1a40a50;
 .timescale 0 0;
v0x1a40cd0_0 .net "in", 2 0, L_0x1a651f0; 1 drivers
v0x1a40d90_0 .net "out", 0 0, L_0x1a5c5b0; 1 drivers
v0x1a40e30_0 .alias "rule", 7 0, v0x1a53ce0_0;
L_0x1a5c5b0 .part/v C4<01111110>, L_0x1a651f0, 1;
S_0x1a403f0 .scope generate, "automaton_cell[45]" "automaton_cell[45]" 3 58, 3 58, S_0x19f7ce0;
 .timescale 0 0;
P_0x1a404e8 .param/l "i" 3 58, +C4<0101101>;
v0x1a40850_0 .net *"_s0", 0 0, L_0x1a65590; 1 drivers
v0x1a40910_0 .net *"_s1", 0 0, L_0x1a65630; 1 drivers
v0x1a409b0_0 .net *"_s2", 0 0, L_0x1a4cd50; 1 drivers
L_0x1a4cdf0 .concat [ 1 1 1 0], L_0x1a4cd50, L_0x1a65630, L_0x1a65590;
S_0x1a40580 .scope module, "Bi" "block" 3 60, 6 1, S_0x1a403f0;
 .timescale 0 0;
v0x1a40670_0 .net "in", 2 0, L_0x1a4cdf0; 1 drivers
v0x1a40730_0 .net "out", 0 0, L_0x1a654f0; 1 drivers
v0x1a407d0_0 .alias "rule", 7 0, v0x1a53ce0_0;
L_0x1a654f0 .part/v C4<01111110>, L_0x1a4cdf0, 1;
S_0x1a3fd90 .scope generate, "automaton_cell[46]" "automaton_cell[46]" 3 58, 3 58, S_0x19f7ce0;
 .timescale 0 0;
P_0x1a3fe88 .param/l "i" 3 58, +C4<0101110>;
v0x1a401f0_0 .net *"_s0", 0 0, L_0x1a65960; 1 drivers
v0x1a402b0_0 .net *"_s1", 0 0, L_0x1a65a00; 1 drivers
v0x1a40350_0 .net *"_s2", 0 0, L_0x1a65aa0; 1 drivers
L_0x1a65b40 .concat [ 1 1 1 0], L_0x1a65aa0, L_0x1a65a00, L_0x1a65960;
S_0x1a3ff20 .scope module, "Bi" "block" 3 60, 6 1, S_0x1a3fd90;
 .timescale 0 0;
v0x1a40010_0 .net "in", 2 0, L_0x1a65b40; 1 drivers
v0x1a400d0_0 .net "out", 0 0, L_0x1a658c0; 1 drivers
v0x1a40170_0 .alias "rule", 7 0, v0x1a53ce0_0;
L_0x1a658c0 .part/v C4<01111110>, L_0x1a65b40, 1;
S_0x1a3f520 .scope generate, "automaton_cell[47]" "automaton_cell[47]" 3 58, 3 58, S_0x19f7ce0;
 .timescale 0 0;
P_0x1a3f618 .param/l "i" 3 58, +C4<0101111>;
v0x1a39270_0 .net *"_s0", 0 0, L_0x1a4c970; 1 drivers
v0x1a39330_0 .net *"_s1", 0 0, L_0x1a4ca10; 1 drivers
v0x1a393d0_0 .net *"_s2", 0 0, L_0x1a4cab0; 1 drivers
L_0x1a4cb50 .concat [ 1 1 1 0], L_0x1a4cab0, L_0x1a4ca10, L_0x1a4c970;
S_0x1a3f6b0 .scope module, "Bi" "block" 3 60, 6 1, S_0x1a3f520;
 .timescale 0 0;
v0x1a3f7a0_0 .net "in", 2 0, L_0x1a4cb50; 1 drivers
v0x1a3f860_0 .net "out", 0 0, L_0x1a4c8d0; 1 drivers
v0x1a3f900_0 .alias "rule", 7 0, v0x1a53ce0_0;
L_0x1a4c8d0 .part/v C4<01111110>, L_0x1a4cb50, 1;
S_0x1a3eec0 .scope generate, "automaton_cell[48]" "automaton_cell[48]" 3 58, 3 58, S_0x19f7ce0;
 .timescale 0 0;
P_0x1a3efb8 .param/l "i" 3 58, +C4<0110000>;
v0x1a3f320_0 .net *"_s0", 0 0, L_0x1a66de0; 1 drivers
v0x1a3f3e0_0 .net *"_s1", 0 0, L_0x1a66e80; 1 drivers
v0x1a3f480_0 .net *"_s2", 0 0, L_0x1a66f20; 1 drivers
L_0x1a66fc0 .concat [ 1 1 1 0], L_0x1a66f20, L_0x1a66e80, L_0x1a66de0;
S_0x1a3f050 .scope module, "Bi" "block" 3 60, 6 1, S_0x1a3eec0;
 .timescale 0 0;
v0x1a3f140_0 .net "in", 2 0, L_0x1a66fc0; 1 drivers
v0x1a3f200_0 .net "out", 0 0, L_0x1a66d40; 1 drivers
v0x1a3f2a0_0 .alias "rule", 7 0, v0x1a53ce0_0;
L_0x1a66d40 .part/v C4<01111110>, L_0x1a66fc0, 1;
S_0x1a3e860 .scope generate, "automaton_cell[49]" "automaton_cell[49]" 3 58, 3 58, S_0x19f7ce0;
 .timescale 0 0;
P_0x1a3e958 .param/l "i" 3 58, +C4<0110001>;
v0x1a3ecc0_0 .net *"_s0", 0 0, L_0x1a67a60; 1 drivers
v0x1a3ed80_0 .net *"_s1", 0 0, L_0x1a67b00; 1 drivers
v0x1a3ee20_0 .net *"_s2", 0 0, L_0x1a67430; 1 drivers
L_0x1a674d0 .concat [ 1 1 1 0], L_0x1a67430, L_0x1a67b00, L_0x1a67a60;
S_0x1a3e9f0 .scope module, "Bi" "block" 3 60, 6 1, S_0x1a3e860;
 .timescale 0 0;
v0x1a3eae0_0 .net "in", 2 0, L_0x1a674d0; 1 drivers
v0x1a3eba0_0 .net "out", 0 0, L_0x1a67290; 1 drivers
v0x1a3ec40_0 .alias "rule", 7 0, v0x1a53ce0_0;
L_0x1a67290 .part/v C4<01111110>, L_0x1a674d0, 1;
S_0x1a3e200 .scope generate, "automaton_cell[50]" "automaton_cell[50]" 3 58, 3 58, S_0x19f7ce0;
 .timescale 0 0;
P_0x1a3e2f8 .param/l "i" 3 58, +C4<0110010>;
v0x1a3e660_0 .net *"_s0", 0 0, L_0x1a67870; 1 drivers
v0x1a3e720_0 .net *"_s1", 0 0, L_0x1a67910; 1 drivers
v0x1a3e7c0_0 .net *"_s2", 0 0, L_0x1a679b0; 1 drivers
L_0x1a68200 .concat [ 1 1 1 0], L_0x1a679b0, L_0x1a67910, L_0x1a67870;
S_0x1a3e390 .scope module, "Bi" "block" 3 60, 6 1, S_0x1a3e200;
 .timescale 0 0;
v0x1a3e480_0 .net "in", 2 0, L_0x1a68200; 1 drivers
v0x1a3e540_0 .net "out", 0 0, L_0x1a677d0; 1 drivers
v0x1a3e5e0_0 .alias "rule", 7 0, v0x1a53ce0_0;
L_0x1a677d0 .part/v C4<01111110>, L_0x1a68200, 1;
S_0x1a3dba0 .scope generate, "automaton_cell[51]" "automaton_cell[51]" 3 58, 3 58, S_0x19f7ce0;
 .timescale 0 0;
P_0x1a3dc98 .param/l "i" 3 58, +C4<0110011>;
v0x1a3e000_0 .net *"_s0", 0 0, L_0x1a67c40; 1 drivers
v0x1a3e0c0_0 .net *"_s1", 0 0, L_0x1a67ce0; 1 drivers
v0x1a3e160_0 .net *"_s2", 0 0, L_0x1a67d80; 1 drivers
L_0x1a67e20 .concat [ 1 1 1 0], L_0x1a67d80, L_0x1a67ce0, L_0x1a67c40;
S_0x1a3dd30 .scope module, "Bi" "block" 3 60, 6 1, S_0x1a3dba0;
 .timescale 0 0;
v0x1a3de20_0 .net "in", 2 0, L_0x1a67e20; 1 drivers
v0x1a3dee0_0 .net "out", 0 0, L_0x1a67ba0; 1 drivers
v0x1a3df80_0 .alias "rule", 7 0, v0x1a53ce0_0;
L_0x1a67ba0 .part/v C4<01111110>, L_0x1a67e20, 1;
S_0x1a3d540 .scope generate, "automaton_cell[52]" "automaton_cell[52]" 3 58, 3 58, S_0x19f7ce0;
 .timescale 0 0;
P_0x1a3d638 .param/l "i" 3 58, +C4<0110100>;
v0x1a3d9a0_0 .net *"_s0", 0 0, L_0x1a68b60; 1 drivers
v0x1a3da60_0 .net *"_s1", 0 0, L_0x1a68c00; 1 drivers
v0x1a3db00_0 .net *"_s2", 0 0, L_0x1a684d0; 1 drivers
L_0x1a68570 .concat [ 1 1 1 0], L_0x1a684d0, L_0x1a68c00, L_0x1a68b60;
S_0x1a3d6d0 .scope module, "Bi" "block" 3 60, 6 1, S_0x1a3d540;
 .timescale 0 0;
v0x1a3d7c0_0 .net "in", 2 0, L_0x1a68570; 1 drivers
v0x1a3d880_0 .net "out", 0 0, L_0x1a68120; 1 drivers
v0x1a3d920_0 .alias "rule", 7 0, v0x1a53ce0_0;
L_0x1a68120 .part/v C4<01111110>, L_0x1a68570, 1;
S_0x1a3cee0 .scope generate, "automaton_cell[53]" "automaton_cell[53]" 3 58, 3 58, S_0x19f7ce0;
 .timescale 0 0;
P_0x1a3cfd8 .param/l "i" 3 58, +C4<0110101>;
v0x1a3d340_0 .net *"_s0", 0 0, L_0x1a68910; 1 drivers
v0x1a3d400_0 .net *"_s1", 0 0, L_0x1a689b0; 1 drivers
v0x1a3d4a0_0 .net *"_s2", 0 0, L_0x1a68a50; 1 drivers
L_0x1a69360 .concat [ 1 1 1 0], L_0x1a68a50, L_0x1a689b0, L_0x1a68910;
S_0x1a3d070 .scope module, "Bi" "block" 3 60, 6 1, S_0x1a3cee0;
 .timescale 0 0;
v0x1a3d160_0 .net "in", 2 0, L_0x1a69360; 1 drivers
v0x1a3d220_0 .net "out", 0 0, L_0x1a68870; 1 drivers
v0x1a3d2c0_0 .alias "rule", 7 0, v0x1a53ce0_0;
L_0x1a68870 .part/v C4<01111110>, L_0x1a69360, 1;
S_0x1a3c880 .scope generate, "automaton_cell[54]" "automaton_cell[54]" 3 58, 3 58, S_0x19f7ce0;
 .timescale 0 0;
P_0x1a3c978 .param/l "i" 3 58, +C4<0110110>;
v0x1a3cce0_0 .net *"_s0", 0 0, L_0x1a68d40; 1 drivers
v0x1a3cda0_0 .net *"_s1", 0 0, L_0x1a68de0; 1 drivers
v0x1a3ce40_0 .net *"_s2", 0 0, L_0x1a68e80; 1 drivers
L_0x1a68f20 .concat [ 1 1 1 0], L_0x1a68e80, L_0x1a68de0, L_0x1a68d40;
S_0x1a3ca10 .scope module, "Bi" "block" 3 60, 6 1, S_0x1a3c880;
 .timescale 0 0;
v0x1a3cb00_0 .net "in", 2 0, L_0x1a68f20; 1 drivers
v0x1a3cbc0_0 .net "out", 0 0, L_0x1a68ca0; 1 drivers
v0x1a3cc60_0 .alias "rule", 7 0, v0x1a53ce0_0;
L_0x1a68ca0 .part/v C4<01111110>, L_0x1a68f20, 1;
S_0x1a3c220 .scope generate, "automaton_cell[55]" "automaton_cell[55]" 3 58, 3 58, S_0x19f7ce0;
 .timescale 0 0;
P_0x1a3c318 .param/l "i" 3 58, +C4<0110111>;
v0x1a3c680_0 .net *"_s0", 0 0, L_0x1a692c0; 1 drivers
v0x1a3c740_0 .net *"_s1", 0 0, L_0x1a69cd0; 1 drivers
v0x1a3c7e0_0 .net *"_s2", 0 0, L_0x1a695e0; 1 drivers
L_0x1a69680 .concat [ 1 1 1 0], L_0x1a695e0, L_0x1a69cd0, L_0x1a692c0;
S_0x1a3c3b0 .scope module, "Bi" "block" 3 60, 6 1, S_0x1a3c220;
 .timescale 0 0;
v0x1a3c4a0_0 .net "in", 2 0, L_0x1a69680; 1 drivers
v0x1a3c560_0 .net "out", 0 0, L_0x1a69220; 1 drivers
v0x1a3c600_0 .alias "rule", 7 0, v0x1a53ce0_0;
L_0x1a69220 .part/v C4<01111110>, L_0x1a69680, 1;
S_0x1a3bbc0 .scope generate, "automaton_cell[56]" "automaton_cell[56]" 3 58, 3 58, S_0x19f7ce0;
 .timescale 0 0;
P_0x1a3bcb8 .param/l "i" 3 58, +C4<0111000>;
v0x1a3c020_0 .net *"_s0", 0 0, L_0x1a69a20; 1 drivers
v0x1a3c0e0_0 .net *"_s1", 0 0, L_0x1a69ac0; 1 drivers
v0x1a3c180_0 .net *"_s2", 0 0, L_0x1a69b60; 1 drivers
L_0x1a69c00 .concat [ 1 1 1 0], L_0x1a69b60, L_0x1a69ac0, L_0x1a69a20;
S_0x1a3bd50 .scope module, "Bi" "block" 3 60, 6 1, S_0x1a3bbc0;
 .timescale 0 0;
v0x1a3be40_0 .net "in", 2 0, L_0x1a69c00; 1 drivers
v0x1a3bf00_0 .net "out", 0 0, L_0x1a69980; 1 drivers
v0x1a3bfa0_0 .alias "rule", 7 0, v0x1a53ce0_0;
L_0x1a69980 .part/v C4<01111110>, L_0x1a69c00, 1;
S_0x1a3b560 .scope generate, "automaton_cell[57]" "automaton_cell[57]" 3 58, 3 58, S_0x19f7ce0;
 .timescale 0 0;
P_0x1a3b658 .param/l "i" 3 58, +C4<0111001>;
v0x1a3b9c0_0 .net *"_s0", 0 0, L_0x1a69e10; 1 drivers
v0x1a3ba80_0 .net *"_s1", 0 0, L_0x1a69eb0; 1 drivers
v0x1a3bb20_0 .net *"_s2", 0 0, L_0x1a69f50; 1 drivers
L_0x1a69ff0 .concat [ 1 1 1 0], L_0x1a69f50, L_0x1a69eb0, L_0x1a69e10;
S_0x1a3b6f0 .scope module, "Bi" "block" 3 60, 6 1, S_0x1a3b560;
 .timescale 0 0;
v0x1a3b7e0_0 .net "in", 2 0, L_0x1a69ff0; 1 drivers
v0x1a3b8a0_0 .net "out", 0 0, L_0x1a69d70; 1 drivers
v0x1a3b940_0 .alias "rule", 7 0, v0x1a53ce0_0;
L_0x1a69d70 .part/v C4<01111110>, L_0x1a69ff0, 1;
S_0x1a3af00 .scope generate, "automaton_cell[58]" "automaton_cell[58]" 3 58, 3 58, S_0x19f7ce0;
 .timescale 0 0;
P_0x1a3aff8 .param/l "i" 3 58, +C4<0111010>;
v0x1a3b360_0 .net *"_s0", 0 0, L_0x1a6a390; 1 drivers
v0x1a3b420_0 .net *"_s1", 0 0, L_0x1a6ae10; 1 drivers
v0x1a3b4c0_0 .net *"_s2", 0 0, L_0x1a6a6c0; 1 drivers
L_0x1a6a760 .concat [ 1 1 1 0], L_0x1a6a6c0, L_0x1a6ae10, L_0x1a6a390;
S_0x1a3b090 .scope module, "Bi" "block" 3 60, 6 1, S_0x1a3af00;
 .timescale 0 0;
v0x1a3b180_0 .net "in", 2 0, L_0x1a6a760; 1 drivers
v0x1a3b240_0 .net "out", 0 0, L_0x1a6a2f0; 1 drivers
v0x1a3b2e0_0 .alias "rule", 7 0, v0x1a53ce0_0;
L_0x1a6a2f0 .part/v C4<01111110>, L_0x1a6a760, 1;
S_0x1a3a8a0 .scope generate, "automaton_cell[59]" "automaton_cell[59]" 3 58, 3 58, S_0x19f7ce0;
 .timescale 0 0;
P_0x1a3a998 .param/l "i" 3 58, +C4<0111011>;
v0x1a3ad00_0 .net *"_s0", 0 0, L_0x1a6ab00; 1 drivers
v0x1a3adc0_0 .net *"_s1", 0 0, L_0x1a6aba0; 1 drivers
v0x1a3ae60_0 .net *"_s2", 0 0, L_0x1a6ac40; 1 drivers
L_0x1a6ace0 .concat [ 1 1 1 0], L_0x1a6ac40, L_0x1a6aba0, L_0x1a6ab00;
S_0x1a3aa30 .scope module, "Bi" "block" 3 60, 6 1, S_0x1a3a8a0;
 .timescale 0 0;
v0x1a3ab20_0 .net "in", 2 0, L_0x1a6ace0; 1 drivers
v0x1a3abe0_0 .net "out", 0 0, L_0x1a6aa60; 1 drivers
v0x1a3ac80_0 .alias "rule", 7 0, v0x1a53ce0_0;
L_0x1a6aa60 .part/v C4<01111110>, L_0x1a6ace0, 1;
S_0x1a3a240 .scope generate, "automaton_cell[60]" "automaton_cell[60]" 3 58, 3 58, S_0x19f7ce0;
 .timescale 0 0;
P_0x1a3a338 .param/l "i" 3 58, +C4<0111100>;
v0x1a3a6a0_0 .net *"_s0", 0 0, L_0x1a6af50; 1 drivers
v0x1a3a760_0 .net *"_s1", 0 0, L_0x1a6aff0; 1 drivers
v0x1a3a800_0 .net *"_s2", 0 0, L_0x1a6b090; 1 drivers
L_0x1a6b130 .concat [ 1 1 1 0], L_0x1a6b090, L_0x1a6aff0, L_0x1a6af50;
S_0x1a3a3d0 .scope module, "Bi" "block" 3 60, 6 1, S_0x1a3a240;
 .timescale 0 0;
v0x1a3a4c0_0 .net "in", 2 0, L_0x1a6b130; 1 drivers
v0x1a3a580_0 .net "out", 0 0, L_0x1a6aeb0; 1 drivers
v0x1a3a620_0 .alias "rule", 7 0, v0x1a53ce0_0;
L_0x1a6aeb0 .part/v C4<01111110>, L_0x1a6b130, 1;
S_0x1a39be0 .scope generate, "automaton_cell[61]" "automaton_cell[61]" 3 58, 3 58, S_0x19f7ce0;
 .timescale 0 0;
P_0x1a39cd8 .param/l "i" 3 58, +C4<0111101>;
v0x1a3a040_0 .net *"_s0", 0 0, L_0x1a6b4d0; 1 drivers
v0x1a3a100_0 .net *"_s1", 0 0, L_0x1a6b570; 1 drivers
v0x1a3a1a0_0 .net *"_s2", 0 0, L_0x1a6bf80; 1 drivers
L_0x1a6c020 .concat [ 1 1 1 0], L_0x1a6bf80, L_0x1a6b570, L_0x1a6b4d0;
S_0x1a39d70 .scope module, "Bi" "block" 3 60, 6 1, S_0x1a39be0;
 .timescale 0 0;
v0x1a39e60_0 .net "in", 2 0, L_0x1a6c020; 1 drivers
v0x1a39f20_0 .net "out", 0 0, L_0x1a6b430; 1 drivers
v0x1a39fc0_0 .alias "rule", 7 0, v0x1a53ce0_0;
L_0x1a6b430 .part/v C4<01111110>, L_0x1a6c020, 1;
S_0x1a39580 .scope generate, "automaton_cell[62]" "automaton_cell[62]" 3 58, 3 58, S_0x19f7ce0;
 .timescale 0 0;
P_0x1a39678 .param/l "i" 3 58, +C4<0111110>;
v0x1a399e0_0 .net *"_s0", 0 0, L_0x1a6b860; 1 drivers
v0x1a39aa0_0 .net *"_s1", 0 0, L_0x1a6b900; 1 drivers
v0x1a39b40_0 .net *"_s2", 0 0, L_0x1a6b9a0; 1 drivers
L_0x1a6ba40 .concat [ 1 1 1 0], L_0x1a6b9a0, L_0x1a6b900, L_0x1a6b860;
S_0x1a39710 .scope module, "Bi" "block" 3 60, 6 1, S_0x1a39580;
 .timescale 0 0;
v0x1a39800_0 .net "in", 2 0, L_0x1a6ba40; 1 drivers
v0x1a398c0_0 .net "out", 0 0, L_0x1a6b7c0; 1 drivers
v0x1a39960_0 .alias "rule", 7 0, v0x1a53ce0_0;
L_0x1a6b7c0 .part/v C4<01111110>, L_0x1a6ba40, 1;
S_0x1a38e10 .scope generate, "automaton_cell[63]" "automaton_cell[63]" 3 58, 3 58, S_0x19f7ce0;
 .timescale 0 0;
P_0x1a38f08 .param/l "i" 3 58, +C4<0111111>;
v0x1a35ee0_0 .net *"_s0", 0 0, L_0x1a6bde0; 1 drivers
v0x1a39480_0 .net *"_s1", 0 0, L_0x1a6be80; 1 drivers
v0x1a39500_0 .net *"_s2", 0 0, L_0x1a600b0; 1 drivers
L_0x1a60150 .concat [ 1 1 1 0], L_0x1a600b0, L_0x1a6be80, L_0x1a6bde0;
S_0x1a38fa0 .scope module, "Bi" "block" 3 60, 6 1, S_0x1a38e10;
 .timescale 0 0;
v0x1a39090_0 .net "in", 2 0, L_0x1a60150; 1 drivers
v0x1a39150_0 .net "out", 0 0, L_0x1a6bd40; 1 drivers
v0x1a391f0_0 .alias "rule", 7 0, v0x1a53ce0_0;
L_0x1a6bd40 .part/v C4<01111110>, L_0x1a60150, 1;
S_0x1a387b0 .scope generate, "automaton_cell[64]" "automaton_cell[64]" 3 58, 3 58, S_0x19f7ce0;
 .timescale 0 0;
P_0x1a388a8 .param/l "i" 3 58, +C4<01000000>;
v0x1a38c10_0 .net *"_s0", 0 0, L_0x1a6c2f0; 1 drivers
v0x1a38cd0_0 .net *"_s1", 0 0, L_0x1a6c390; 1 drivers
v0x1a38d70_0 .net *"_s2", 0 0, L_0x1a6c430; 1 drivers
L_0x1a6c4d0 .concat [ 1 1 1 0], L_0x1a6c430, L_0x1a6c390, L_0x1a6c2f0;
S_0x1a38940 .scope module, "Bi" "block" 3 60, 6 1, S_0x1a387b0;
 .timescale 0 0;
v0x1a38a30_0 .net "in", 2 0, L_0x1a6c4d0; 1 drivers
v0x1a38af0_0 .net "out", 0 0, L_0x1a60420; 1 drivers
v0x1a38b90_0 .alias "rule", 7 0, v0x1a53ce0_0;
L_0x1a60420 .part/v C4<01111110>, L_0x1a6c4d0, 1;
S_0x1a38150 .scope generate, "automaton_cell[65]" "automaton_cell[65]" 3 58, 3 58, S_0x19f7ce0;
 .timescale 0 0;
P_0x1a38248 .param/l "i" 3 58, +C4<01000001>;
v0x1a385b0_0 .net *"_s0", 0 0, L_0x1a6c870; 1 drivers
v0x1a38670_0 .net *"_s1", 0 0, L_0x1a6c910; 1 drivers
v0x1a38710_0 .net *"_s2", 0 0, L_0x1a6c9b0; 1 drivers
L_0x1a6db20 .concat [ 1 1 1 0], L_0x1a6c9b0, L_0x1a6c910, L_0x1a6c870;
S_0x1a382e0 .scope module, "Bi" "block" 3 60, 6 1, S_0x1a38150;
 .timescale 0 0;
v0x1a383d0_0 .net "in", 2 0, L_0x1a6db20; 1 drivers
v0x1a38490_0 .net "out", 0 0, L_0x1a6c7d0; 1 drivers
v0x1a38530_0 .alias "rule", 7 0, v0x1a53ce0_0;
L_0x1a6c7d0 .part/v C4<01111110>, L_0x1a6db20, 1;
S_0x1a37af0 .scope generate, "automaton_cell[66]" "automaton_cell[66]" 3 58, 3 58, S_0x19f7ce0;
 .timescale 0 0;
P_0x1a37be8 .param/l "i" 3 58, +C4<01000010>;
v0x1a37f50_0 .net *"_s0", 0 0, L_0x1a6d380; 1 drivers
v0x1a38010_0 .net *"_s1", 0 0, L_0x1a6d420; 1 drivers
v0x1a380b0_0 .net *"_s2", 0 0, L_0x1a6d4c0; 1 drivers
L_0x1a6d560 .concat [ 1 1 1 0], L_0x1a6d4c0, L_0x1a6d420, L_0x1a6d380;
S_0x1a37c80 .scope module, "Bi" "block" 3 60, 6 1, S_0x1a37af0;
 .timescale 0 0;
v0x1a37d70_0 .net "in", 2 0, L_0x1a6d560; 1 drivers
v0x1a37e30_0 .net "out", 0 0, L_0x1a6d2e0; 1 drivers
v0x1a37ed0_0 .alias "rule", 7 0, v0x1a53ce0_0;
L_0x1a6d2e0 .part/v C4<01111110>, L_0x1a6d560, 1;
S_0x1a37490 .scope generate, "automaton_cell[67]" "automaton_cell[67]" 3 58, 3 58, S_0x19f7ce0;
 .timescale 0 0;
P_0x1a37588 .param/l "i" 3 58, +C4<01000011>;
v0x1a378f0_0 .net *"_s0", 0 0, L_0x1a6d8d0; 1 drivers
v0x1a379b0_0 .net *"_s1", 0 0, L_0x1a6d970; 1 drivers
v0x1a37a50_0 .net *"_s2", 0 0, L_0x1a6da10; 1 drivers
L_0x1a6e5d0 .concat [ 1 1 1 0], L_0x1a6da10, L_0x1a6d970, L_0x1a6d8d0;
S_0x1a37620 .scope module, "Bi" "block" 3 60, 6 1, S_0x1a37490;
 .timescale 0 0;
v0x1a37710_0 .net "in", 2 0, L_0x1a6e5d0; 1 drivers
v0x1a377d0_0 .net "out", 0 0, L_0x1a6d830; 1 drivers
v0x1a37870_0 .alias "rule", 7 0, v0x1a53ce0_0;
L_0x1a6d830 .part/v C4<01111110>, L_0x1a6e5d0, 1;
S_0x1a36e30 .scope generate, "automaton_cell[68]" "automaton_cell[68]" 3 58, 3 58, S_0x19f7ce0;
 .timescale 0 0;
P_0x1a36f28 .param/l "i" 3 58, +C4<01000100>;
v0x1a37290_0 .net *"_s0", 0 0, L_0x1a6ddf0; 1 drivers
v0x1a37350_0 .net *"_s1", 0 0, L_0x1a6de90; 1 drivers
v0x1a373f0_0 .net *"_s2", 0 0, L_0x1a6df30; 1 drivers
L_0x1a6dfd0 .concat [ 1 1 1 0], L_0x1a6df30, L_0x1a6de90, L_0x1a6ddf0;
S_0x1a36fc0 .scope module, "Bi" "block" 3 60, 6 1, S_0x1a36e30;
 .timescale 0 0;
v0x1a370b0_0 .net "in", 2 0, L_0x1a6dfd0; 1 drivers
v0x1a37170_0 .net "out", 0 0, L_0x1a6dd50; 1 drivers
v0x1a37210_0 .alias "rule", 7 0, v0x1a53ce0_0;
L_0x1a6dd50 .part/v C4<01111110>, L_0x1a6dfd0, 1;
S_0x1a367d0 .scope generate, "automaton_cell[69]" "automaton_cell[69]" 3 58, 3 58, S_0x19f7ce0;
 .timescale 0 0;
P_0x1a368c8 .param/l "i" 3 58, +C4<01000101>;
v0x1a36c30_0 .net *"_s0", 0 0, L_0x1a6e370; 1 drivers
v0x1a36cf0_0 .net *"_s1", 0 0, L_0x1a6e410; 1 drivers
v0x1a36d90_0 .net *"_s2", 0 0, L_0x1a6e4b0; 1 drivers
L_0x1a6f110 .concat [ 1 1 1 0], L_0x1a6e4b0, L_0x1a6e410, L_0x1a6e370;
S_0x1a36960 .scope module, "Bi" "block" 3 60, 6 1, S_0x1a367d0;
 .timescale 0 0;
v0x1a36a50_0 .net "in", 2 0, L_0x1a6f110; 1 drivers
v0x1a36b10_0 .net "out", 0 0, L_0x1a6e2d0; 1 drivers
v0x1a36bb0_0 .alias "rule", 7 0, v0x1a53ce0_0;
L_0x1a6e2d0 .part/v C4<01111110>, L_0x1a6f110, 1;
S_0x1a36170 .scope generate, "automaton_cell[70]" "automaton_cell[70]" 3 58, 3 58, S_0x19f7ce0;
 .timescale 0 0;
P_0x1a36268 .param/l "i" 3 58, +C4<01000110>;
v0x1a365d0_0 .net *"_s0", 0 0, L_0x1a6e8f0; 1 drivers
v0x1a36690_0 .net *"_s1", 0 0, L_0x1a6e990; 1 drivers
v0x1a36730_0 .net *"_s2", 0 0, L_0x1a6ea30; 1 drivers
L_0x1a6ead0 .concat [ 1 1 1 0], L_0x1a6ea30, L_0x1a6e990, L_0x1a6e8f0;
S_0x1a36300 .scope module, "Bi" "block" 3 60, 6 1, S_0x1a36170;
 .timescale 0 0;
v0x1a363f0_0 .net "in", 2 0, L_0x1a6ead0; 1 drivers
v0x1a364b0_0 .net "out", 0 0, L_0x1a6e850; 1 drivers
v0x1a36550_0 .alias "rule", 7 0, v0x1a53ce0_0;
L_0x1a6e850 .part/v C4<01111110>, L_0x1a6ead0, 1;
S_0x1a35a80 .scope generate, "automaton_cell[71]" "automaton_cell[71]" 3 58, 3 58, S_0x19f7ce0;
 .timescale 0 0;
P_0x1a35b78 .param/l "i" 3 58, +C4<01000111>;
v0x1a34520_0 .net *"_s0", 0 0, L_0x1a6ee70; 1 drivers
v0x1a36030_0 .net *"_s1", 0 0, L_0x1a6ef10; 1 drivers
v0x1a360d0_0 .net *"_s2", 0 0, L_0x1a6efb0; 1 drivers
L_0x1a6f050 .concat [ 1 1 1 0], L_0x1a6efb0, L_0x1a6ef10, L_0x1a6ee70;
S_0x1a35c10 .scope module, "Bi" "block" 3 60, 6 1, S_0x1a35a80;
 .timescale 0 0;
v0x1a35d00_0 .net "in", 2 0, L_0x1a6f050; 1 drivers
v0x1a35dc0_0 .net "out", 0 0, L_0x1a6edd0; 1 drivers
v0x1a35e60_0 .alias "rule", 7 0, v0x1a53ce0_0;
L_0x1a6edd0 .part/v C4<01111110>, L_0x1a6f050, 1;
S_0x1a353f0 .scope generate, "automaton_cell[72]" "automaton_cell[72]" 3 58, 3 58, S_0x19f7ce0;
 .timescale 0 0;
P_0x1a354e8 .param/l "i" 3 58, +C4<01001000>;
v0x1a35880_0 .net *"_s0", 0 0, L_0x1a6f430; 1 drivers
v0x1a35940_0 .net *"_s1", 0 0, L_0x1a6f4d0; 1 drivers
v0x1a359e0_0 .net *"_s2", 0 0, L_0x1a6f570; 1 drivers
L_0x1a6f610 .concat [ 1 1 1 0], L_0x1a6f570, L_0x1a6f4d0, L_0x1a6f430;
S_0x1a355b0 .scope module, "Bi" "block" 3 60, 6 1, S_0x1a353f0;
 .timescale 0 0;
v0x1a356a0_0 .net "in", 2 0, L_0x1a6f610; 1 drivers
v0x1a35760_0 .net "out", 0 0, L_0x1a6f390; 1 drivers
v0x1a35800_0 .alias "rule", 7 0, v0x1a53ce0_0;
L_0x1a6f390 .part/v C4<01111110>, L_0x1a6f610, 1;
S_0x1a34e10 .scope generate, "automaton_cell[73]" "automaton_cell[73]" 3 58, 3 58, S_0x19f7ce0;
 .timescale 0 0;
P_0x1a34f08 .param/l "i" 3 58, +C4<01001001>;
v0x1a35210_0 .net *"_s0", 0 0, L_0x1a6f9b0; 1 drivers
v0x1a352b0_0 .net *"_s1", 0 0, L_0x1a6fa50; 1 drivers
v0x1a35350_0 .net *"_s2", 0 0, L_0x1a6faf0; 1 drivers
L_0x1a6fb90 .concat [ 1 1 1 0], L_0x1a6faf0, L_0x1a6fa50, L_0x1a6f9b0;
S_0x1a34fa0 .scope module, "Bi" "block" 3 60, 6 1, S_0x1a34e10;
 .timescale 0 0;
v0x1a35090_0 .net "in", 2 0, L_0x1a6fb90; 1 drivers
v0x1a35110_0 .net "out", 0 0, L_0x1a6f910; 1 drivers
v0x1a35190_0 .alias "rule", 7 0, v0x1a53ce0_0;
L_0x1a6f910 .part/v C4<01111110>, L_0x1a6fb90, 1;
S_0x1a347b0 .scope generate, "automaton_cell[74]" "automaton_cell[74]" 3 58, 3 58, S_0x19f7ce0;
 .timescale 0 0;
P_0x1a348a8 .param/l "i" 3 58, +C4<01001010>;
v0x1a34c10_0 .net *"_s0", 0 0, L_0x1a6ff90; 1 drivers
v0x1a34cd0_0 .net *"_s1", 0 0, L_0x1a70030; 1 drivers
v0x1a34d70_0 .net *"_s2", 0 0, L_0x1a700d0; 1 drivers
L_0x1a70170 .concat [ 1 1 1 0], L_0x1a700d0, L_0x1a70030, L_0x1a6ff90;
S_0x1a34940 .scope module, "Bi" "block" 3 60, 6 1, S_0x1a347b0;
 .timescale 0 0;
v0x1a34a30_0 .net "in", 2 0, L_0x1a70170; 1 drivers
v0x1a34af0_0 .net "out", 0 0, L_0x1a6fef0; 1 drivers
v0x1a34b90_0 .alias "rule", 7 0, v0x1a53ce0_0;
L_0x1a6fef0 .part/v C4<01111110>, L_0x1a70170, 1;
S_0x1a340c0 .scope generate, "automaton_cell[75]" "automaton_cell[75]" 3 58, 3 58, S_0x19f7ce0;
 .timescale 0 0;
P_0x1a341b8 .param/l "i" 3 58, +C4<01001011>;
v0x1a345b0_0 .net *"_s0", 0 0, L_0x1a70510; 1 drivers
v0x1a34670_0 .net *"_s1", 0 0, L_0x1a705b0; 1 drivers
v0x1a34710_0 .net *"_s2", 0 0, L_0x1a70650; 1 drivers
L_0x1a706f0 .concat [ 1 1 1 0], L_0x1a70650, L_0x1a705b0, L_0x1a70510;
S_0x1a34250 .scope module, "Bi" "block" 3 60, 6 1, S_0x1a340c0;
 .timescale 0 0;
v0x1a34340_0 .net "in", 2 0, L_0x1a706f0; 1 drivers
v0x1a34400_0 .net "out", 0 0, L_0x1a70470; 1 drivers
v0x1a344a0_0 .alias "rule", 7 0, v0x1a53ce0_0;
L_0x1a70470 .part/v C4<01111110>, L_0x1a706f0, 1;
S_0x1a33a60 .scope generate, "automaton_cell[76]" "automaton_cell[76]" 3 58, 3 58, S_0x19f7ce0;
 .timescale 0 0;
P_0x1a33b58 .param/l "i" 3 58, +C4<01001100>;
v0x1a33ec0_0 .net *"_s0", 0 0, L_0x1a70ab0; 1 drivers
v0x1a33f80_0 .net *"_s1", 0 0, L_0x1a70b50; 1 drivers
v0x1a34020_0 .net *"_s2", 0 0, L_0x1a70bf0; 1 drivers
L_0x1a70c90 .concat [ 1 1 1 0], L_0x1a70bf0, L_0x1a70b50, L_0x1a70ab0;
S_0x1a33bf0 .scope module, "Bi" "block" 3 60, 6 1, S_0x1a33a60;
 .timescale 0 0;
v0x1a33ce0_0 .net "in", 2 0, L_0x1a70c90; 1 drivers
v0x1a33da0_0 .net "out", 0 0, L_0x1a70a10; 1 drivers
v0x1a33e40_0 .alias "rule", 7 0, v0x1a53ce0_0;
L_0x1a70a10 .part/v C4<01111110>, L_0x1a70c90, 1;
S_0x1a33380 .scope generate, "automaton_cell[77]" "automaton_cell[77]" 3 58, 3 58, S_0x19f7ce0;
 .timescale 0 0;
P_0x1a33478 .param/l "i" 3 58, +C4<01001101>;
v0x1a33860_0 .net *"_s0", 0 0, L_0x1a71030; 1 drivers
v0x1a33920_0 .net *"_s1", 0 0, L_0x1a710d0; 1 drivers
v0x1a339c0_0 .net *"_s2", 0 0, L_0x1a71170; 1 drivers
L_0x1a71210 .concat [ 1 1 1 0], L_0x1a71170, L_0x1a710d0, L_0x1a71030;
S_0x1a33540 .scope module, "Bi" "block" 3 60, 6 1, S_0x1a33380;
 .timescale 0 0;
v0x1a33630_0 .net "in", 2 0, L_0x1a71210; 1 drivers
v0x1a336f0_0 .net "out", 0 0, L_0x1a70f90; 1 drivers
v0x1a33790_0 .alias "rule", 7 0, v0x1a53ce0_0;
L_0x1a70f90 .part/v C4<01111110>, L_0x1a71210, 1;
S_0x1a32d10 .scope generate, "automaton_cell[78]" "automaton_cell[78]" 3 58, 3 58, S_0x19f7ce0;
 .timescale 0 0;
P_0x1a32e08 .param/l "i" 3 58, +C4<01001110>;
v0x1a331a0_0 .net *"_s0", 0 0, L_0x1a71610; 1 drivers
v0x1a33240_0 .net *"_s1", 0 0, L_0x1a716b0; 1 drivers
v0x1a332e0_0 .net *"_s2", 0 0, L_0x1a71750; 1 drivers
L_0x1a717f0 .concat [ 1 1 1 0], L_0x1a71750, L_0x1a716b0, L_0x1a71610;
S_0x1a32ed0 .scope module, "Bi" "block" 3 60, 6 1, S_0x1a32d10;
 .timescale 0 0;
v0x1a32fc0_0 .net "in", 2 0, L_0x1a717f0; 1 drivers
v0x1a33080_0 .net "out", 0 0, L_0x1a71570; 1 drivers
v0x1a33120_0 .alias "rule", 7 0, v0x1a53ce0_0;
L_0x1a71570 .part/v C4<01111110>, L_0x1a717f0, 1;
S_0x19f8ef0 .scope generate, "automaton_cell[79]" "automaton_cell[79]" 3 58, 3 58, S_0x19f7ce0;
 .timescale 0 0;
P_0x19d98d8 .param/l "i" 3 58, +C4<01001111>;
v0x1a32b10_0 .net *"_s0", 0 0, L_0x1a71b90; 1 drivers
v0x1a32bd0_0 .net *"_s1", 0 0, L_0x1a71c30; 1 drivers
v0x1a32c70_0 .net *"_s2", 0 0, L_0x1a71cd0; 1 drivers
L_0x1a71d70 .concat [ 1 1 1 0], L_0x1a71cd0, L_0x1a71c30, L_0x1a71b90;
S_0x19fa110 .scope module, "Bi" "block" 3 60, 6 1, S_0x19f8ef0;
 .timescale 0 0;
v0x19d20c0_0 .net "in", 2 0, L_0x1a71d70; 1 drivers
v0x1a329d0_0 .net "out", 0 0, L_0x1a71af0; 1 drivers
v0x1a32a70_0 .alias "rule", 7 0, v0x1a53ce0_0;
L_0x1a71af0 .part/v C4<01111110>, L_0x1a71d70, 1;
    .scope S_0x1a531b0;
T_0 ;
    %set/v v0x1a53520_0, 0, 1;
    %end;
    .thread T_0;
    .scope S_0x1a531b0;
T_1 ;
    %wait E_0x1a53360;
    %load/v 8, v0x1a53520_0, 1;
    %mov 9, 0, 31;
    %addi 8, 1, 32;
    %ix/load 0, 1, 0;
    %assign/v0 v0x1a53520_0, 0, 8;
    %jmp T_1;
    .thread T_1;
    .scope S_0x1a52ef0;
T_2 ;
    %set/v v0x1a53110_0, 0, 1;
    %end;
    .thread T_2;
    .scope S_0x1a52ef0;
T_3 ;
    %wait E_0x1a52fe0;
    %ix/load 0, 1, 0;
    %assign/v0 v0x1a53110_0, 0, 1;
    %jmp T_3;
    .thread T_3;
    .scope S_0x19f6ac0;
T_4 ;
    %wait E_0x1a52fe0;
    %load/v 8, v0x1a53b50_0, 80;
    %ix/load 0, 80, 0;
    %assign/v0 v0x1a53c00_0, 0, 8;
    %jmp T_4;
    .thread T_4;
    .scope S_0x19f58a0;
T_5 ;
    %set/v v0x1a53f00_0, 0, 8;
    %end;
    .thread T_5;
    .scope S_0x19f58a0;
T_6 ;
    %set/v v0x1a53e80_0, 0, 1;
    %end;
    .thread T_6;
    .scope S_0x19f58a0;
T_7 ;
    %delay 1, 0;
    %load/v 8, v0x1a53e80_0, 1;
    %inv 8, 1;
    %set/v v0x1a53e80_0, 8, 1;
    %jmp T_7;
    .thread T_7;
    .scope S_0x19f58a0;
T_8 ;
    %vpi_call 2 28 "$dumpfile", "automaton_tb.vcd";
    %vpi_call 2 29 "$dumpvars", 1'sb0, S_0x19f58a0;
    %delay 1, 0;
    %vpi_call 2 31 "$display", "data: %b (%d)", v0x1a53f80_0, v0x1a53f00_0;
    %vpi_func 2 33 "$fopen", 8, 32, "data.out", "wb";
    %set/v v0x1a54050_0, 8, 32;
    %vpi_call 2 34 "$fwrite", v0x1a54050_0, "%b\012", v0x1a53f80_0;
    %movi 8, 1, 8;
    %set/v v0x1a53f00_0, 8, 8;
T_8.0 ;
    %load/v 8, v0x1a53f00_0, 8;
    %mov 16, 0, 1;
   %cmpi/u 8, 59, 9;
    %or 5, 4, 1;
    %jmp/0xz T_8.1, 5;
    %delay 4, 0;
    %vpi_call 2 39 "$display", "data: %b (%d)", v0x1a53f80_0, v0x1a53f00_0;
    %vpi_call 2 40 "$fwrite", v0x1a54050_0, "%b\012", v0x1a53f80_0;
    %load/v 8, v0x1a53f00_0, 8;
    %mov 16, 0, 24;
    %addi 8, 1, 32;
    %set/v v0x1a53f00_0, 8, 8;
    %jmp T_8.0;
T_8.1 ;
    %vpi_call 2 43 "$fclose", v0x1a54050_0;
    %delay 1, 0;
    %vpi_call 2 44 "$display", "FIN de la simulacion";
    %vpi_call 2 45 "$finish";
    %end;
    .thread T_8;
# The file index is used to find the file name in the following table.
:file_names 7;
    "N/A";
    "<interactive>";
    "automaton_tb.v";
    "automaton.v";
    "prescaler.v";
    "init.v";
    "block.v";
